#
# A fatal error has been detected by the Java Runtime Environment:
#
#  EXCEPTION_ACCESS_VIOLATION (0xc0000005) at pc=0x7728205b, pid=360, tid=2488
#
# JRE version: 6.0_22-b04
# Java VM: Java HotSpot(TM) Client VM (17.1-b03 mixed mode, sharing windows-x86 )
# Problematic frame:
# C  [ntdll.dll+0x5205b]
#
# If you would like to submit a bug report, please visit:
#   http://java.sun.com/webapps/bugreport/crash.jsp
# The crash happened outside the Java Virtual Machine in native code.
# See problematic frame for where to report the bug.
#

---------------  T H R E A D  ---------------

Current thread (0x0419c800):  JavaThread "AWT-EventQueue-0" [_thread_in_native, id=2488, stack(0x04e90000,0x04ee0000)]

siginfo: ExceptionCode=0xc0000005, writing address 0x00200072

Registers:
EAX=0x00200072, EBX=0xd1e2006f, ECX=0x00770077, EDX=0x00000077
ESP=0x04edf3e8, EBP=0x04edf41c, ESI=0x0093a650, EDI=0xd1e20000
EIP=0x7728205b, EFLAGS=0x00010206

Top of Stack: (sp=0x04edf3e8)
0x04edf3e8:   00000000 04820000 04278f70 000b0195
0x04edf3f8:   04278f70 0064006e 0077006f 75638475
0x04edf408:   ceff535c 0419c800 00690057 00000001
0x04edf418:   04278f68 04edf434 77281faf 04278f70
0x04edf428:   0419c800 33a48501 04278f68 04edf448
0x04edf438:   7584f1ac 04820000 00000000 04278f70
0x04edf448:   04edf494 71014c39 04820000 00000000
0x04edf458:   04278f70 cf0ec879 0419c800 04278f70 

Instructions: (pc=0x7728205b)
0x7728204b:   c1 ea 10 0b df 0b c8 8b 06 c7 45 f8 01 00 00 00
0x7728205b:   89 30 8b 45 e0 8b 55 e4 8d 7e 08 f0 0f c7 0f 3b 


Stack: [0x04e90000,0x04ee0000],  sp=0x04edf3e8,  free space=13c04edef04k
Native frames: (J=compiled Java code, j=interpreted, Vv=VM code, C=native code)
C  [ntdll.dll+0x5205b]
C  [ntdll.dll+0x51faf]
C  [kernel32.dll+0x4f1ac]
C  [MSVCR80.dll+0x4c39]
C  [Wrapper.dll+0x13e6]
j  EcgDisplay.leadComboBoxActionPerformed(Ljava/awt/event/ActionEvent;)V+19
j  EcgDisplay.access$000(LEcgDisplay;Ljava/awt/event/ActionEvent;)V+2
j  EcgDisplay$1.actionPerformed(Ljava/awt/event/ActionEvent;)V+5
j  javax.swing.JComboBox.fireActionEvent()V+127
j  javax.swing.JComboBox.setSelectedItem(Ljava/lang/Object;)V+134
j  javax.swing.JComboBox.setSelectedIndex(I)V+76
j  javax.swing.plaf.basic.BasicComboPopup$Handler.mouseReleased(Ljava/awt/event/MouseEvent;)V+97
j  java.awt.AWTEventMulticaster.mouseReleased(Ljava/awt/event/MouseEvent;)V+21
j  java.awt.Component.processMouseEvent(Ljava/awt/event/MouseEvent;)V+64
j  javax.swing.JComponent.processMouseEvent(Ljava/awt/event/MouseEvent;)V+23
j  javax.swing.plaf.basic.BasicComboPopup$1.processMouseEvent(Ljava/awt/event/MouseEvent;)V+70
j  java.awt.Component.processEvent(Ljava/awt/AWTEvent;)V+81
j  java.awt.Container.processEvent(Ljava/awt/AWTEvent;)V+18
j  java.awt.Component.dispatchEventImpl(Ljava/awt/AWTEvent;)V+566
j  java.awt.Container.dispatchEventImpl(Ljava/awt/AWTEvent;)V+42
j  java.awt.Component.dispatchEvent(Ljava/awt/AWTEvent;)V+2
j  java.awt.LightweightDispatcher.retargetMouseEvent(Ljava/awt/Component;ILjava/awt/event/MouseEvent;)V+320
j  java.awt.LightweightDispatcher.processMouseEvent(Ljava/awt/event/MouseEvent;)Z+139
j  java.awt.LightweightDispatcher.dispatchEvent(Ljava/awt/AWTEvent;)Z+50
j  java.awt.Container.dispatchEventImpl(Ljava/awt/AWTEvent;)V+12
j  java.awt.Window.dispatchEventImpl(Ljava/awt/AWTEvent;)V+19
j  java.awt.Component.dispatchEvent(Ljava/awt/AWTEvent;)V+2
j  java.awt.EventQueue.dispatchEvent(Ljava/awt/AWTEvent;)V+46
j  java.awt.EventDispatchThread.pumpOneEventForFilters(I)Z+204
j  java.awt.EventDispatchThread.pumpEventsForFilter(ILjava/awt/Conditional;Ljava/awt/EventFilter;)V+30
j  java.awt.EventDispatchThread.pumpEventsForHierarchy(ILjava/awt/Conditional;Ljava/awt/Component;)V+11
j  java.awt.EventDispatchThread.pumpEvents(ILjava/awt/Conditional;)V+4
j  java.awt.EventDispatchThread.pumpEvents(Ljava/awt/Conditional;)V+3
j  java.awt.EventDispatchThread.run()V+9
v  ~StubRoutines::call_stub
V  [jvm.dll+0xf3a9c]
V  [jvm.dll+0x186591]
V  [jvm.dll+0xf3c67]
V  [jvm.dll+0xf3cdd]
V  [jvm.dll+0x11da00]
V  [jvm.dll+0x1e7004]
V  [jvm.dll+0x185f3c]
C  [msvcr71.dll+0x9565]
C  [kernel32.dll+0x51174]
C  [ntdll.dll+0x5b3f5]
C  [ntdll.dll+0x5b3c8]

Java frames: (J=compiled Java code, j=interpreted, Vv=VM code)
j  MyHID.CtrlSendOutputReport([B)Z+0
j  EcgDisplay.leadComboBoxActionPerformed(Ljava/awt/event/ActionEvent;)V+19
j  EcgDisplay.access$000(LEcgDisplay;Ljava/awt/event/ActionEvent;)V+2
j  EcgDisplay$1.actionPerformed(Ljava/awt/event/ActionEvent;)V+5
j  javax.swing.JComboBox.fireActionEvent()V+127
j  javax.swing.JComboBox.setSelectedItem(Ljava/lang/Object;)V+134
j  javax.swing.JComboBox.setSelectedIndex(I)V+76
j  javax.swing.plaf.basic.BasicComboPopup$Handler.mouseReleased(Ljava/awt/event/MouseEvent;)V+97
j  java.awt.AWTEventMulticaster.mouseReleased(Ljava/awt/event/MouseEvent;)V+21
j  java.awt.Component.processMouseEvent(Ljava/awt/event/MouseEvent;)V+64
j  javax.swing.JComponent.processMouseEvent(Ljava/awt/event/MouseEvent;)V+23
j  javax.swing.plaf.basic.BasicComboPopup$1.processMouseEvent(Ljava/awt/event/MouseEvent;)V+70
j  java.awt.Component.processEvent(Ljava/awt/AWTEvent;)V+81
j  java.awt.Container.processEvent(Ljava/awt/AWTEvent;)V+18
j  java.awt.Component.dispatchEventImpl(Ljava/awt/AWTEvent;)V+566
j  java.awt.Container.dispatchEventImpl(Ljava/awt/AWTEvent;)V+42
j  java.awt.Component.dispatchEvent(Ljava/awt/AWTEvent;)V+2
j  java.awt.LightweightDispatcher.retargetMouseEvent(Ljava/awt/Component;ILjava/awt/event/MouseEvent;)V+320
j  java.awt.LightweightDispatcher.processMouseEvent(Ljava/awt/event/MouseEvent;)Z+139
j  java.awt.LightweightDispatcher.dispatchEvent(Ljava/awt/AWTEvent;)Z+50
j  java.awt.Container.dispatchEventImpl(Ljava/awt/AWTEvent;)V+12
j  java.awt.Window.dispatchEventImpl(Ljava/awt/AWTEvent;)V+19
j  java.awt.Component.dispatchEvent(Ljava/awt/AWTEvent;)V+2
j  java.awt.EventQueue.dispatchEvent(Ljava/awt/AWTEvent;)V+46
j  java.awt.EventDispatchThread.pumpOneEventForFilters(I)Z+204
j  java.awt.EventDispatchThread.pumpEventsForFilter(ILjava/awt/Conditional;Ljava/awt/EventFilter;)V+30
j  java.awt.EventDispatchThread.pumpEventsForHierarchy(ILjava/awt/Conditional;Ljava/awt/Component;)V+11
j  java.awt.EventDispatchThread.pumpEvents(ILjava/awt/Conditional;)V+4
j  java.awt.EventDispatchThread.pumpEvents(Ljava/awt/Conditional;)V+3
j  java.awt.EventDispatchThread.run()V+9
v  ~StubRoutines::call_stub

---------------  P R O C E S S  ---------------

Java Threads: ( => current thread )
  0x03dd0800 JavaThread "TimerQueue" daemon [_thread_blocked, id=3020, stack(0x052e0000,0x05330000)]
  0x03dd0400 JavaThread "DestroyJavaVM" [_thread_blocked, id=3684, stack(0x002b0000,0x00300000)]
  0x03dcfc00 JavaThread "Animation Thread" [_thread_blocked, id=2284, stack(0x051f0000,0x05240000)]
  0x04236400 JavaThread "Animation Thread" [_thread_blocked, id=2392, stack(0x051a0000,0x051f0000)]
  0x0423cc00 JavaThread "Animation Thread" [_thread_blocked, id=3724, stack(0x05150000,0x051a0000)]
  0x0423bc00 JavaThread "Animation Thread" [_thread_blocked, id=3088, stack(0x05100000,0x05150000)]
  0x0423b800 JavaThread "Animation Thread" [_thread_blocked, id=2652, stack(0x050b0000,0x05100000)]
  0x0423b000 JavaThread "Animation Thread" [_thread_blocked, id=1144, stack(0x05000000,0x05050000)]
  0x0423ac00 JavaThread "Animation Thread" [_thread_blocked, id=3892, stack(0x04fb0000,0x05000000)]
  0x04238400 JavaThread "Animation Thread" [_thread_blocked, id=1484, stack(0x04f60000,0x04fb0000)]
=>0x0419c800 JavaThread "AWT-EventQueue-0" [_thread_in_native, id=2488, stack(0x04e90000,0x04ee0000)]
  0x04145400 JavaThread "AWT-Windows" daemon [_thread_in_native, id=3652, stack(0x04640000,0x04690000)]
  0x04145000 JavaThread "AWT-Shutdown" [_thread_blocked, id=3792, stack(0x044d0000,0x04520000)]
  0x041aa400 JavaThread "Java2D Disposer" daemon [_thread_blocked, id=2760, stack(0x04440000,0x04490000)]
  0x01964400 JavaThread "Low Memory Detector" daemon [_thread_blocked, id=3940, stack(0x03cc0000,0x03d10000)]
  0x01950400 JavaThread "CompilerThread0" daemon [_thread_blocked, id=3936, stack(0x03c70000,0x03cc0000)]
  0x0194cc00 JavaThread "Attach Listener" daemon [_thread_blocked, id=3444, stack(0x03c20000,0x03c70000)]
  0x01949c00 JavaThread "Signal Dispatcher" daemon [_thread_blocked, id=3120, stack(0x03bd0000,0x03c20000)]
  0x01909c00 JavaThread "Finalizer" daemon [_thread_blocked, id=2108, stack(0x03b80000,0x03bd0000)]
  0x01905000 JavaThread "Reference Handler" daemon [_thread_blocked, id=3256, stack(0x03b30000,0x03b80000)]

Other Threads:
  0x01904000 VMThread [stack: 0x03ae0000,0x03b30000] [id=3580]
  0x01977c00 WatcherThread [stack: 0x03d10000,0x03d60000] [id=340]

VM state:not at safepoint (normal execution)

VM Mutex/Monitor currently owned by a thread: None

Heap
 def new generation   total 4928K, used 1421K [0x239d0000, 0x23f20000, 0x28f20000)
  eden space 4416K,  30% used [0x239d0000, 0x23b1f568, 0x23e20000)
  from space 512K,  15% used [0x23e20000, 0x23e34040, 0x23ea0000)
  to   space 512K,   0% used [0x23ea0000, 0x23ea0000, 0x23f20000)
 tenured generation   total 10944K, used 9018K [0x28f20000, 0x299d0000, 0x339d0000)
   the space 10944K,  82% used [0x28f20000, 0x297ee928, 0x297eea00, 0x299d0000)
 compacting perm gen  total 12288K, used 1244K [0x339d0000, 0x345d0000, 0x379d0000)
   the space 12288K,  10% used [0x339d0000, 0x33b07098, 0x33b07200, 0x345d0000)
    ro space 10240K,  54% used [0x379d0000, 0x37f4c510, 0x37f4c600, 0x383d0000)
    rw space 12288K,  55% used [0x383d0000, 0x38a6fb78, 0x38a6fc00, 0x38fd0000)

Dynamic libraries:
0x00400000 - 0x00424000 	C:\Program Files\Java\jdk1.6.0_22\bin\java.exe
0x77230000 - 0x7736c000 	C:\Windows\SYSTEM32\ntdll.dll
0x75800000 - 0x758d4000 	C:\Windows\system32\kernel32.dll
0x75630000 - 0x7567a000 	C:\Windows\system32\KERNELBASE.dll
0x768e0000 - 0x76980000 	C:\Windows\system32\ADVAPI32.dll
0x75680000 - 0x7572c000 	C:\Windows\system32\msvcrt.dll
0x75ad0000 - 0x75ae9000 	C:\Windows\SYSTEM32\sechost.dll
0x76ef0000 - 0x76f91000 	C:\Windows\system32\RPCRT4.dll
0x7c340000 - 0x7c396000 	C:\Program Files\Java\jdk1.6.0_22\jre\bin\msvcr71.dll
0x6d8a0000 - 0x6db47000 	C:\Program Files\Java\jdk1.6.0_22\jre\bin\client\jvm.dll
0x769e0000 - 0x76aa9000 	C:\Windows\system32\USER32.dll
0x76fa0000 - 0x76fee000 	C:\Windows\system32\GDI32.dll
0x77370000 - 0x7737a000 	C:\Windows\system32\LPK.dll
0x773c0000 - 0x7745d000 	C:\Windows\system32\USP10.dll
0x73880000 - 0x738b2000 	C:\Windows\system32\WINMM.dll
0x773a0000 - 0x773bf000 	C:\Windows\system32\IMM32.DLL
0x76cb0000 - 0x76d7c000 	C:\Windows\system32\MSCTF.dll
0x752b0000 - 0x752fb000 	C:\Windows\system32\apphelp.dll
0x6d850000 - 0x6d85c000 	C:\Program Files\Java\jdk1.6.0_22\jre\bin\verify.dll
0x6d3d0000 - 0x6d3ef000 	C:\Program Files\Java\jdk1.6.0_22\jre\bin\java.dll
0x6d330000 - 0x6d338000 	C:\Program Files\Java\jdk1.6.0_22\jre\bin\hpi.dll
0x77380000 - 0x77385000 	C:\Windows\system32\PSAPI.DLL
0x6d890000 - 0x6d89f000 	C:\Program Files\Java\jdk1.6.0_22\jre\bin\zip.dll
0x6d0b0000 - 0x6d1fa000 	C:\Program Files\Java\jdk1.6.0_22\jre\bin\AWT.DLL
0x70f30000 - 0x70f81000 	C:\Windows\system32\WINSPOOL.DRV
0x75970000 - 0x75acc000 	C:\Windows\system32\ole32.dll
0x742e0000 - 0x7447e000 	C:\Windows\WinSxS\x86_microsoft.windows.common-controls_6595b64144ccf1df_6.0.7600.16385_none_421189da2b7fabfc\COMCTL32.dll
0x76e90000 - 0x76ee7000 	C:\Windows\system32\SHLWAPI.dll
0x73e60000 - 0x73e73000 	C:\Windows\system32\DWMAPI.DLL
0x74180000 - 0x741c0000 	C:\Windows\system32\uxtheme.dll
0x6d2e0000 - 0x6d32f000 	C:\Program Files\Java\jdk1.6.0_22\jre\bin\FONTMANAGER.DLL
0x10000000 - 0x10029000 	C:\Program Files\ScanSoft\OmniPageSE2.0\ophookSE2.dll
0x758e0000 - 0x7596f000 	C:\Windows\system32\OLEAUT32.dll
0x74880000 - 0x74889000 	C:\Windows\system32\VERSION.dll
0x75300000 - 0x7530c000 	C:\Windows\system32\CRYPTBASE.dll
0x75c90000 - 0x768d9000 	C:\Windows\system32\shell32.dll
0x044a0000 - 0x044a6000 	C:\Windows\System32\Wrapper.dll
0x74580000 - 0x74589000 	C:\Windows\system32\HID.DLL
0x75af0000 - 0x75c8d000 	C:\Windows\system32\SETUPAPI.dll
0x75450000 - 0x75477000 	C:\Windows\system32\CFGMGR32.dll
0x75400000 - 0x75412000 	C:\Windows\system32\DEVOBJ.dll
0x71010000 - 0x710ab000 	C:\Windows\WinSxS\x86_microsoft.vc80.crt_1fc8b3b9a1e18e3b_8.0.50727.4927_none_d08a205e442db5b5\MSVCR80.dll
0x6d6b0000 - 0x6d6c3000 	C:\Program Files\Java\jdk1.6.0_22\jre\bin\NET.DLL
0x757c0000 - 0x757f5000 	C:\Windows\system32\WS2_32.dll
0x75780000 - 0x75786000 	C:\Windows\system32\NSI.dll
0x74dc0000 - 0x74dfc000 	C:\Windows\system32\mswsock.dll
0x74db0000 - 0x74db6000 	C:\Windows\System32\wship6.dll
0x736d0000 - 0x736e0000 	C:\Windows\system32\NLAapi.dll
0x74c80000 - 0x74cc4000 	C:\Windows\system32\DNSAPI.dll
0x6fc50000 - 0x6fc58000 	C:\Windows\System32\winrnr.dll
0x6fc40000 - 0x6fc50000 	C:\Windows\system32\napinsp.dll
0x6fc20000 - 0x6fc32000 	C:\Windows\system32\pnrpnsp.dll
0x6fc10000 - 0x6fc1d000 	C:\Windows\system32\wshbth.dll
0x74910000 - 0x74915000 	C:\Windows\System32\wshtcpip.dll
0x73160000 - 0x7317c000 	C:\Windows\system32\IPHLPAPI.DLL
0x73150000 - 0x73157000 	C:\Windows\system32\WINNSI.DLL
0x70360000 - 0x70366000 	C:\Windows\system32\rasadhlp.dll
0x73030000 - 0x73068000 	C:\Windows\System32\fwpuclnt.dll
0x6d6d0000 - 0x6d6d9000 	C:\Program Files\Java\jdk1.6.0_22\jre\bin\NIO.DLL
0x75420000 - 0x7544d000 	C:\Windows\system32\WINTRUST.dll
0x75480000 - 0x7559c000 	C:\Windows\system32\CRYPT32.dll
0x753f0000 - 0x753fc000 	C:\Windows\system32\MSASN1.dll
0x6d250000 - 0x6d273000 	C:\Program Files\Java\jdk1.6.0_22\jre\bin\DCPR.DLL
0x04810000 - 0x04817000 	C:\Program Files\Internet Download Manager\idmmkb.dll
0x76e00000 - 0x76e83000 	C:\Windows\system32\CLBCatQ.DLL

VM Arguments:
jvm_args: -Dfile.encoding=UTF-8 -Djava.security.policy=applet.policy 
java_command: Main_1
Launcher Type: SUN_STANDARD

Environment Variables:
PATH=C:\Windows\system32;C:\Windows;C:\Windows\System32\Wbem;C:\Windows\System32\WindowsPowerShell\v1.0\;C:\Program Files\Microsoft SQL Server\90\Tools\binn\
USERNAME=Aumi
OS=Windows_NT
PROCESSOR_IDENTIFIER=x86 Family 6 Model 23 Stepping 10, GenuineIntel



---------------  S Y S T E M  ---------------

OS: Windows 7 Build 7600 

CPU:total 2 (2 cores per cpu, 1 threads per core) family 6 model 23 stepping 10, cmov, cx8, fxsr, mmx, sse, sse2, sse3, ssse3, sse4.1

Memory: 4k page, physical 3074028k(1622508k free), swap 6146292k(4503516k free)

vm_info: Java HotSpot(TM) Client VM (17.1-b03) for windows-x86 JRE (1.6.0_22-b04), built on Sep 15 2010 00:56:36 by "java_re" with MS VC++ 7.1 (VS2003)

time: Mon Jun 20 13:20:00 2011
elapsed time: 6 seconds

