#
# A fatal error has been detected by the Java Runtime Environment:
#
#  EXCEPTION_ACCESS_VIOLATION (0xc0000005) at pc=0x04b3cb77, pid=2888, tid=1068
#
# JRE version: 6.0_22-b04
# Java VM: Java HotSpot(TM) Client VM (17.1-b03 mixed mode, sharing windows-x86 )
# Problematic frame:
# C  0x04b3cb77
#
# If you would like to submit a bug report, please visit:
#   http://java.sun.com/webapps/bugreport/crash.jsp
# The crash happened outside the Java Virtual Machine in native code.
# See problematic frame for where to report the bug.
#

---------------  T H R E A D  ---------------

Current thread (0x042e1400):  JavaThread "Animation Thread" [_thread_in_native, id=1068, stack(0x04ba0000,0x04bf0000)]

siginfo: ExceptionCode=0xc0000005, reading address 0x04b3cb77

Registers:
EAX=0x00000001, EBX=0x00000000, ECX=0x75c68475, EDX=0x77aa64f4
ESP=0x04bef1a8, EBP=0x04bef1a8, ESI=0x00000000, EDI=0x04bef290
EIP=0x04b3cb77, EFLAGS=0x00010213

Top of Stack: (sp=0x04bef1a8)
0x04bef1a8:   04bef1e8 04b3c7c2 04b3c5a0 04bef1d0
0x04bef1b8:   0000000c 00000001 04bef4a4 745c2919
0x04bef1c8:   00000002 0409d870 04bef440 04bef4a4
0x04bef1d8:   04bef210 04bef230 04bef230 00000003
0x04bef1e8:   04bef488 04b34561 04bef440 745c2919
0x04bef1f8:   04bef4a4 04bef210 04bef230 01bfcec8
0x04bef208:   00000020 04b34220 04bef290 04bef298
0x04bef218:   04bef2a0 04bef5f0 0427cd60 00000001 

Instructions: (pc=0x04b3cb77)
0x04b3cb67:   
[error occurred during error reporting (printing registers, top of stack, instructions near pc), id 0xc0000005]

Stack: [0x04ba0000,0x04bf0000],  sp=0x04bef1a8,  free space=13c04bee638k
Native frames: (J=compiled Java code, j=interpreted, Vv=VM code, C=native code)
C  0x04b3cb77
C  0x04b3c7c2
C  0x04b34561
C  0x04b34d2e
j  com.sun.jna.Function.invokeInt(I[Ljava/lang/Object;)I+0
j  com.sun.jna.Function.invoke([Ljava/lang/Object;Ljava/lang/Class;Z)Ljava/lang/Object;+315
J  com.sun.jna.Function.invoke(Ljava/lang/Class;[Ljava/lang/Object;Ljava/util/Map;)Ljava/lang/Object;
j  com.sun.jna.Library$Handler.invoke(Ljava/lang/Object;Ljava/lang/reflect/Method;[Ljava/lang/Object;)Ljava/lang/Object;+341
j  $Proxy0.HidD_SetFeature(Lcom/sun/jna/platform/win32/WinNT$HANDLE;[BI)Z+27
j  communication.SetFeatureReport([BS)B+27
J  LeadDisplay1.setValue([I)V
j  EcgGraph.draw()V+56
J  processing.core.PApplet.handleDraw()V
j  processing.core.PApplet.run()V+51
j  java.lang.Thread.run()V+11
v  ~StubRoutines::call_stub
V  [jvm.dll+0xf3a9c]
V  [jvm.dll+0x186591]
V  [jvm.dll+0xf3c67]
V  [jvm.dll+0xf3cdd]
V  [jvm.dll+0x11da00]
V  [jvm.dll+0x1e7004]
V  [jvm.dll+0x185f3c]
C  [msvcr71.dll+0x9565]
C  [kernel32.dll+0x51174]
C  [ntdll.dll+0x5b3f5]
C  [ntdll.dll+0x5b3c8]

Java frames: (J=compiled Java code, j=interpreted, Vv=VM code)
j  com.sun.jna.Function.invokeInt(I[Ljava/lang/Object;)I+0
j  com.sun.jna.Function.invoke([Ljava/lang/Object;Ljava/lang/Class;Z)Ljava/lang/Object;+315
J  com.sun.jna.Function.invoke(Ljava/lang/Class;[Ljava/lang/Object;Ljava/util/Map;)Ljava/lang/Object;
j  com.sun.jna.Library$Handler.invoke(Ljava/lang/Object;Ljava/lang/reflect/Method;[Ljava/lang/Object;)Ljava/lang/Object;+341
j  $Proxy0.HidD_SetFeature(Lcom/sun/jna/platform/win32/WinNT$HANDLE;[BI)Z+27
j  communication.SetFeatureReport([BS)B+27
J  LeadDisplay1.setValue([I)V
j  EcgGraph.draw()V+56
J  processing.core.PApplet.handleDraw()V
j  processing.core.PApplet.run()V+51
j  java.lang.Thread.run()V+11
v  ~StubRoutines::call_stub

---------------  P R O C E S S  ---------------

Java Threads: ( => current thread )
  0x042ed400 JavaThread "Thread-1" daemon [_thread_in_native, id=2524, stack(0x04fe0000,0x05030000)]
  0x042ebc00 JavaThread "Thread-4" [_thread_blocked, id=2140, stack(0x04db0000,0x04e00000)]
  0x042eb400 JavaThread "Thread-3" [_thread_blocked, id=3004, stack(0x04d60000,0x04db0000)]
  0x042eb000 JavaThread "TimerQueue" daemon [_thread_blocked, id=3056, stack(0x04d10000,0x04d60000)]
  0x042ea800 JavaThread "DestroyJavaVM" [_thread_blocked, id=948, stack(0x00340000,0x00390000)]
  0x042ea400 JavaThread "Animation Thread" [_thread_in_native, id=2620, stack(0x052b0000,0x05300000)]
  0x042e7c00 JavaThread "Animation Thread" [_thread_in_native, id=3672, stack(0x05260000,0x052b0000)]
  0x042e7800 JavaThread "Animation Thread" [_thread_in_native, id=1912, stack(0x05210000,0x05260000)]
  0x042e7000 JavaThread "Animation Thread" [_thread_in_native, id=3532, stack(0x051c0000,0x05210000)]
  0x042e4400 JavaThread "Animation Thread" [_thread_blocked, id=2376, stack(0x05170000,0x051c0000)]
  0x042e4000 JavaThread "Animation Thread" [_thread_blocked, id=2460, stack(0x05120000,0x05170000)]
  0x042e1800 JavaThread "Animation Thread" [_thread_blocked, id=3452, stack(0x04bf0000,0x04c40000)]
=>0x042e1400 JavaThread "Animation Thread" [_thread_in_native, id=1068, stack(0x04ba0000,0x04bf0000)]
  0x041df400 JavaThread "AWT-EventQueue-0" [_thread_blocked, id=3072, stack(0x04ad0000,0x04b20000)]
  0x041e3c00 JavaThread "AWT-Shutdown" [_thread_blocked, id=2268, stack(0x045f0000,0x04640000)]
  0x041f0c00 JavaThread "Java2D Disposer" daemon [_thread_blocked, id=1284, stack(0x043c0000,0x04410000)]
  0x01a69c00 JavaThread "Low Memory Detector" daemon [_thread_blocked, id=1608, stack(0x03d20000,0x03d70000)]
  0x01a60400 JavaThread "CompilerThread0" daemon [_thread_blocked, id=2932, stack(0x03cd0000,0x03d20000)]
  0x01a5cc00 JavaThread "Attach Listener" daemon [_thread_blocked, id=4068, stack(0x03c80000,0x03cd0000)]
  0x01a59c00 JavaThread "Signal Dispatcher" daemon [_thread_blocked, id=2684, stack(0x03c30000,0x03c80000)]
  0x01a19c00 JavaThread "Finalizer" daemon [_thread_blocked, id=2092, stack(0x03be0000,0x03c30000)]
  0x01a15000 JavaThread "Reference Handler" daemon [_thread_blocked, id=2820, stack(0x03b90000,0x03be0000)]

Other Threads:
  0x01a14000 VMThread [stack: 0x03b40000,0x03b90000] [id=3780]
  0x01a6b800 WatcherThread [stack: 0x03d70000,0x03dc0000] [id=2364]

VM state:not at safepoint (normal execution)

VM Mutex/Monitor currently owned by a thread: None

Heap
 def new generation   total 4928K, used 1180K [0x239d0000, 0x23f20000, 0x28f20000)
  eden space 4416K,  26% used [0x239d0000, 0x23af1020, 0x23e20000)
  from space 512K,   4% used [0x23ea0000, 0x23ea5ff8, 0x23f20000)
  to   space 512K,   0% used [0x23e20000, 0x23e20000, 0x23ea0000)
 tenured generation   total 10944K, used 8905K [0x28f20000, 0x299d0000, 0x339d0000)
   the space 10944K,  81% used [0x28f20000, 0x297d2600, 0x297d2600, 0x299d0000)
 compacting perm gen  total 12288K, used 1789K [0x339d0000, 0x345d0000, 0x379d0000)
   the space 12288K,  14% used [0x339d0000, 0x33b8f770, 0x33b8f800, 0x345d0000)
    ro space 10240K,  54% used [0x379d0000, 0x37f4c510, 0x37f4c600, 0x383d0000)
    rw space 12288K,  55% used [0x383d0000, 0x38a6fb78, 0x38a6fc00, 0x38fd0000)

Dynamic libraries:
0x00400000 - 0x00424000 	C:\Program Files\Java\jdk1.6.0_22\bin\java.exe
0x77a60000 - 0x77b9c000 	C:\Windows\SYSTEM32\ntdll.dll
0x76d00000 - 0x76dd4000 	C:\Windows\system32\kernel32.dll
0x75c60000 - 0x75caa000 	C:\Windows\system32\KERNELBASE.dll
0x770d0000 - 0x77170000 	C:\Windows\system32\ADVAPI32.dll
0x76c50000 - 0x76cfc000 	C:\Windows\system32\msvcrt.dll
0x77690000 - 0x776a9000 	C:\Windows\SYSTEM32\sechost.dll
0x773e0000 - 0x77481000 	C:\Windows\system32\RPCRT4.dll
0x7c340000 - 0x7c396000 	C:\Program Files\Java\jdk1.6.0_22\jre\bin\msvcr71.dll
0x6d8a0000 - 0x6db47000 	C:\Program Files\Java\jdk1.6.0_22\jre\bin\client\jvm.dll
0x776b0000 - 0x77779000 	C:\Windows\system32\USER32.dll
0x77bb0000 - 0x77bfe000 	C:\Windows\system32\GDI32.dll
0x77ba0000 - 0x77baa000 	C:\Windows\system32\LPK.dll
0x77170000 - 0x7720d000 	C:\Windows\system32\USP10.dll
0x74450000 - 0x74482000 	C:\Windows\system32\WINMM.dll
0x77780000 - 0x7779f000 	C:\Windows\system32\IMM32.DLL
0x77000000 - 0x770cc000 	C:\Windows\system32\MSCTF.dll
0x75ae0000 - 0x75b2b000 	C:\Windows\system32\apphelp.dll
0x6d850000 - 0x6d85c000 	C:\Program Files\Java\jdk1.6.0_22\jre\bin\verify.dll
0x6d3d0000 - 0x6d3ef000 	C:\Program Files\Java\jdk1.6.0_22\jre\bin\java.dll
0x6d330000 - 0x6d338000 	C:\Program Files\Java\jdk1.6.0_22\jre\bin\hpi.dll
0x76c40000 - 0x76c45000 	C:\Windows\system32\PSAPI.DLL
0x6d890000 - 0x6d89f000 	C:\Program Files\Java\jdk1.6.0_22\jre\bin\zip.dll
0x6d0b0000 - 0x6d1fa000 	C:\Program Files\Java\jdk1.6.0_22\jre\bin\AWT.DLL
0x71740000 - 0x71791000 	C:\Windows\system32\WINSPOOL.DRV
0x777a0000 - 0x778fc000 	C:\Windows\system32\ole32.dll
0x74b40000 - 0x74cde000 	C:\Windows\WinSxS\x86_microsoft.windows.common-controls_6595b64144ccf1df_6.0.7600.16385_none_421189da2b7fabfc\COMCTL32.dll
0x77630000 - 0x77687000 	C:\Windows\system32\SHLWAPI.dll
0x74710000 - 0x74723000 	C:\Windows\system32\DWMAPI.DLL
0x748c0000 - 0x74900000 	C:\Windows\system32\uxtheme.dll
0x6d2e0000 - 0x6d32f000 	C:\Program Files\Java\jdk1.6.0_22\jre\bin\FONTMANAGER.DLL
0x10000000 - 0x10029000 	C:\Program Files\ScanSoft\OmniPageSE2.0\ophookSE2.dll
0x77c00000 - 0x77c8f000 	C:\Windows\system32\OLEAUT32.dll
0x750b0000 - 0x750b9000 	C:\Windows\system32\VERSION.dll
0x75b30000 - 0x75b3c000 	C:\Windows\system32\CRYPTBASE.dll
0x75f80000 - 0x76bc9000 	C:\Windows\system32\shell32.dll
0x00da0000 - 0x00da6000 	C:\Windows\System32\Wrapper.dll
0x745c0000 - 0x745c9000 	C:\Windows\system32\HID.DLL
0x77490000 - 0x7762d000 	C:\Windows\system32\SETUPAPI.dll
0x75cb0000 - 0x75cd7000 	C:\Windows\system32\CFGMGR32.dll
0x75e00000 - 0x75e12000 	C:\Windows\system32\DEVOBJ.dll
0x71820000 - 0x718bb000 	C:\Windows\WinSxS\x86_microsoft.vc80.crt_1fc8b3b9a1e18e3b_8.0.50727.4927_none_d08a205e442db5b5\MSVCR80.dll
0x75630000 - 0x75646000 	C:\Windows\system32\CRYPTSP.dll
0x753d0000 - 0x7540b000 	C:\Windows\system32\rsaenh.dll
0x75210000 - 0x75227000 	C:\Windows\system32\USERENV.dll
0x75bb0000 - 0x75bbb000 	C:\Windows\system32\profapi.dll
0x6d6b0000 - 0x6d6c3000 	C:\Program Files\Java\jdk1.6.0_22\jre\bin\NET.DLL
0x76bd0000 - 0x76c05000 	C:\Windows\system32\WS2_32.dll
0x76de0000 - 0x76de6000 	C:\Windows\system32\NSI.dll
0x755f0000 - 0x7562c000 	C:\Windows\system32\mswsock.dll
0x755e0000 - 0x755e6000 	C:\Windows\System32\wship6.dll
0x74700000 - 0x74710000 	C:\Windows\system32\NLAapi.dll
0x754b0000 - 0x754f4000 	C:\Windows\system32\DNSAPI.dll
0x6ff10000 - 0x6ff18000 	C:\Windows\System32\winrnr.dll
0x6ff00000 - 0x6ff10000 	C:\Windows\system32\napinsp.dll
0x6fee0000 - 0x6fef2000 	C:\Windows\system32\pnrpnsp.dll
0x6fed0000 - 0x6fedd000 	C:\Windows\system32\wshbth.dll
0x75140000 - 0x75145000 	C:\Windows\System32\wshtcpip.dll
0x74040000 - 0x7405c000 	C:\Windows\system32\IPHLPAPI.DLL
0x74030000 - 0x74037000 	C:\Windows\system32\WINNSI.DLL
0x70af0000 - 0x70af6000 	C:\Windows\system32\rasadhlp.dll
0x73a30000 - 0x73a68000 	C:\Windows\System32\fwpuclnt.dll
0x6d6d0000 - 0x6d6d9000 	C:\Program Files\Java\jdk1.6.0_22\jre\bin\NIO.DLL
0x75c30000 - 0x75c5d000 	C:\Windows\system32\WINTRUST.dll
0x75ce0000 - 0x75dfc000 	C:\Windows\system32\CRYPT32.dll
0x75c20000 - 0x75c2c000 	C:\Windows\system32\MSASN1.dll
0x6d250000 - 0x6d273000 	C:\Program Files\Java\jdk1.6.0_22\jre\bin\DCPR.DLL
0x00dc0000 - 0x00dc7000 	C:\Program Files\Internet Download Manager\idmmkb.dll
0x77350000 - 0x773d3000 	C:\Windows\system32\CLBCatQ.DLL
0x75ba0000 - 0x75bae000 	C:\Windows\system32\RpcRtRemote.dll

VM Arguments:
jvm_args: -Dfile.encoding=UTF-8 -Djava.security.policy=applet.policy 
java_command: Main_1
Launcher Type: SUN_STANDARD

Environment Variables:
PATH=C:\Windows\system32;C:\Windows;C:\Windows\System32\Wbem;C:\Windows\System32\WindowsPowerShell\v1.0\;C:\Program Files\Microsoft SQL Server\90\Tools\binn\
USERNAME=Aumi
OS=Windows_NT
PROCESSOR_IDENTIFIER=x86 Family 6 Model 23 Stepping 10, GenuineIntel



---------------  S Y S T E M  ---------------

OS: Windows 7 Build 7600 

CPU:total 2 (2 cores per cpu, 1 threads per core) family 6 model 23 stepping 10, cmov, cx8, fxsr, mmx, sse, sse2, sse3, ssse3, sse4.1

Memory: 4k page, physical 3074028k(1198340k free), swap 6146292k(4214360k free)

vm_info: Java HotSpot(TM) Client VM (17.1-b03) for windows-x86 JRE (1.6.0_22-b04), built on Sep 15 2010 00:56:36 by "java_re" with MS VC++ 7.1 (VS2003)

time: Sun Jun 26 18:28:09 2011
elapsed time: 86 seconds

