#
# A fatal error has been detected by the Java Runtime Environment:
#
#  EXCEPTION_ACCESS_VIOLATION (0xc0000005) at pc=0x5f0c3a3d, pid=1108, tid=5484
#
# JRE version: 6.0_22-b04
# Java VM: Java HotSpot(TM) Client VM (17.1-b03 mixed mode, sharing windows-x86 )
# Problematic frame:
# C  [OPENGL32.dll+0x3a3d]
#
# If you would like to submit a bug report, please visit:
#   http://java.sun.com/webapps/bugreport/crash.jsp
# The crash happened outside the Java Virtual Machine in native code.
# See problematic frame for where to report the bug.
#

---------------  T H R E A D  ---------------

Current thread (0x03bda800):  JavaThread "Animation Thread" [_thread_in_native, id=5484, stack(0x04a10000,0x04a60000)]

siginfo: ExceptionCode=0xc0000005, reading address 0x00000414

Registers:
EAX=0x7ffad000, EBX=0x33d90a90, ECX=0x03bda918, EDX=0x00000000
ESP=0x04a5f9d0, EBP=0x04a5f9d8, ESI=0x33d90a90, EDI=0x03bda800
EIP=0x5f0c3a3d, EFLAGS=0x00010206

Top of Stack: (sp=0x04a5f9d0)
0x04a5f9d0:   057559fa 03bda918 04a5fa0c 016f9f47
0x04a5f9e0:   03bda918 04a5fa1c 6d941d4a 04a5f9ec
0x04a5f9f0:   00000000 04a5fa1c 33e1cfb8 00000000
0x04a5fa00:   33d90a90 00000000 04a5fa1c 04a5fa40
0x04a5fa10:   016f33a1 00000000 016f8269 29644078
0x04a5fa20:   04a5fa20 33bbcc46 04a5fa58 33c592e8
0x04a5fa30:   00000000 33bbcc88 04a5fa1c 04a5fa54
0x04a5fa40:   04a5fa7c 016f2da1 00000000 00000000 

Instructions: (pc=0x5f0c3a3d)
0x5f0c3a2d:   10 16 5f 40 73 10 8b c2 03 15 0c 10 16 5f 8b 12
0x5f0c3a3d:   ff a2 14 04 00 00 ff 35 2c 10 16 5f ff 15 e8 10 


Stack: [0x04a10000,0x04a60000],  sp=0x04a5f9d0,  free space=13e04a5f4eck
Native frames: (J=compiled Java code, j=interpreted, Vv=VM code, C=native code)
C  [OPENGL32.dll+0x3a3d]
j  com.sun.opengl.impl.GLImpl.glGetError()I+0
j  processing.opengl.PGraphicsOpenGL.report(Ljava/lang/String;)V+14
j  processing.opengl.PGraphicsOpenGL.renderLines(II)V+3
j  processing.core.PGraphics3D.endShape(I)V+223
j  processing.core.PGraphics.endShape()V+2
j  processing.core.PGraphics.line(FFFF)V+19
J  processing.core.PApplet.line(FFFF)V
j  LeadDisplay1.setValue([I)V+323
j  EcgGraph.draw()V+20
J  processing.core.PApplet.handleDraw()V
j  processing.core.PApplet.run()V+51
j  java.lang.Thread.run()V+11
v  ~StubRoutines::call_stub
V  [jvm.dll+0xf3a9c]
V  [jvm.dll+0x186591]
V  [jvm.dll+0xf3c67]
V  [jvm.dll+0xf3cdd]
V  [jvm.dll+0x11da00]
V  [jvm.dll+0x1e7004]
V  [jvm.dll+0x185f3c]
C  [msvcr71.dll+0x9565]
C  [kernel32.dll+0x51174]
C  [ntdll.dll+0x5b3f5]
C  [ntdll.dll+0x5b3c8]

Java frames: (J=compiled Java code, j=interpreted, Vv=VM code)
j  com.sun.opengl.impl.GLImpl.glGetError()I+0
j  processing.opengl.PGraphicsOpenGL.report(Ljava/lang/String;)V+14
j  processing.opengl.PGraphicsOpenGL.renderLines(II)V+3
j  processing.core.PGraphics3D.endShape(I)V+223
j  processing.core.PGraphics.endShape()V+2
j  processing.core.PGraphics.line(FFFF)V+19
J  processing.core.PApplet.line(FFFF)V
j  LeadDisplay1.setValue([I)V+323
j  EcgGraph.draw()V+20
J  processing.core.PApplet.handleDraw()V
j  processing.core.PApplet.run()V+51
j  java.lang.Thread.run()V+11
v  ~StubRoutines::call_stub

---------------  P R O C E S S  ---------------

Java Threads: ( => current thread )
  0x03c43000 JavaThread "Thread-3" [_thread_blocked, id=4504, stack(0x08c60000,0x08cb0000)]
  0x03c42800 JavaThread "Thread-2" [_thread_in_native, id=3332, stack(0x08c10000,0x08c60000)]
  0x03c42400 JavaThread "TimerQueue" daemon [_thread_blocked, id=4768, stack(0x089b0000,0x08a00000)]
  0x03c41c00 JavaThread "Image Fetcher 1" daemon [_thread_blocked, id=3908, stack(0x08300000,0x08350000)]
  0x03c41800 JavaThread "Image Fetcher 0" daemon [_thread_blocked, id=1112, stack(0x05cb0000,0x05d00000)]
  0x03c41000 JavaThread "DestroyJavaVM" [_thread_blocked, id=664, stack(0x01470000,0x014c0000)]
  0x03c40c00 JavaThread "Animation Thread" [_thread_blocked, id=4780, stack(0x04f20000,0x04f70000)]
  0x03c40400 JavaThread "Animation Thread" [_thread_blocked, id=3628, stack(0x04ed0000,0x04f20000)]
  0x03c40000 JavaThread "Animation Thread" [_thread_blocked, id=848, stack(0x04e80000,0x04ed0000)]
  0x03c3f800 JavaThread "Animation Thread" [_thread_blocked, id=5064, stack(0x04e30000,0x04e80000)]
  0x03c3f400 JavaThread "Animation Thread" [_thread_blocked, id=5552, stack(0x04de0000,0x04e30000)]
  0x03c3ec00 JavaThread "Animation Thread" [_thread_blocked, id=868, stack(0x04d90000,0x04de0000)]
  0x03c3e800 JavaThread "Animation Thread" [_thread_blocked, id=3148, stack(0x04d40000,0x04d90000)]
  0x03c3e000 JavaThread "Animation Thread" [_thread_blocked, id=4088, stack(0x04cf0000,0x04d40000)]
  0x03c3dc00 JavaThread "Animation Thread" [_thread_blocked, id=2908, stack(0x04c50000,0x04ca0000)]
  0x03b98000 JavaThread "Animation Thread" [_thread_blocked, id=4832, stack(0x04c00000,0x04c50000)]
  0x03bde400 JavaThread "Animation Thread" [_thread_blocked, id=2448, stack(0x04bb0000,0x04c00000)]
  0x03bd7400 JavaThread "Animation Thread" [_thread_in_native, id=4364, stack(0x04b60000,0x04bb0000)]
  0x03bd6c00 JavaThread "Animation Thread" [_thread_blocked, id=5128, stack(0x04b10000,0x04b60000)]
  0x03bd6400 JavaThread "Animation Thread" [_thread_blocked, id=1892, stack(0x04ab0000,0x04b00000)]
  0x03bdb000 JavaThread "Animation Thread" [_thread_blocked, id=4940, stack(0x04a60000,0x04ab0000)]
=>0x03bda800 JavaThread "Animation Thread" [_thread_in_native, id=5484, stack(0x04a10000,0x04a60000)]
  0x015bf000 JavaThread "AWT-EventQueue-0" [_thread_blocked, id=1452, stack(0x04040000,0x04090000)]
  0x03ac3400 JavaThread "AWT-Windows" daemon [_thread_in_native, id=3776, stack(0x03f70000,0x03fc0000)]
  0x03ac2c00 JavaThread "AWT-Shutdown" [_thread_blocked, id=780, stack(0x03f20000,0x03f70000)]
  0x015bd400 JavaThread "Java2D Disposer" daemon [_thread_blocked, id=5948, stack(0x03dc0000,0x03e10000)]
  0x0153f800 JavaThread "Low Memory Detector" daemon [_thread_blocked, id=3472, stack(0x03a00000,0x03a50000)]
  0x0153a400 JavaThread "CompilerThread0" daemon [_thread_blocked, id=4060, stack(0x039b0000,0x03a00000)]
  0x01539400 JavaThread "Attach Listener" daemon [_thread_blocked, id=5920, stack(0x03960000,0x039b0000)]
  0x01536400 JavaThread "Signal Dispatcher" daemon [_thread_blocked, id=956, stack(0x03910000,0x03960000)]
  0x014f6400 JavaThread "Finalizer" daemon [_thread_blocked, id=2148, stack(0x038c0000,0x03910000)]
  0x014f1c00 JavaThread "Reference Handler" daemon [_thread_blocked, id=3340, stack(0x03870000,0x038c0000)]

Other Threads:
  0x014f0800 VMThread [stack: 0x03820000,0x03870000] [id=4176]
  0x01551400 WatcherThread [stack: 0x03a50000,0x03aa0000] [id=4428]

VM state:not at safepoint (normal execution)

VM Mutex/Monitor currently owned by a thread: None

Heap
 def new generation   total 8064K, used 220K [0x23ad0000, 0x24380000, 0x29020000)
  eden space 7232K,   2% used [0x23ad0000, 0x23af9e20, 0x241e0000)
  from space 832K,   6% used [0x242b0000, 0x242bd558, 0x24380000)
  to   space 832K,   0% used [0x241e0000, 0x241e0000, 0x242b0000)
 tenured generation   total 17544K, used 16204K [0x29020000, 0x2a142000, 0x33ad0000)
   the space 17544K,  92% used [0x29020000, 0x29ff33d0, 0x29ff3400, 0x2a142000)
 compacting perm gen  total 12288K, used 3839K [0x33ad0000, 0x346d0000, 0x37ad0000)
   the space 12288K,  31% used [0x33ad0000, 0x33e8fef0, 0x33e90000, 0x346d0000)
    ro space 10240K,  54% used [0x37ad0000, 0x3804c510, 0x3804c600, 0x384d0000)
    rw space 12288K,  55% used [0x384d0000, 0x38b6fb78, 0x38b6fc00, 0x390d0000)

Dynamic libraries:
0x00400000 - 0x00424000 	C:\Program Files\Java\jdk1.6.0_22\bin\java.exe
0x779b0000 - 0x77aec000 	C:\Windows\SYSTEM32\ntdll.dll
0x77590000 - 0x77664000 	C:\Windows\system32\kernel32.dll
0x75d80000 - 0x75dca000 	C:\Windows\system32\KERNELBASE.dll
0x76330000 - 0x763d0000 	C:\Windows\system32\ADVAPI32.dll
0x76720000 - 0x767cc000 	C:\Windows\system32\msvcrt.dll
0x76140000 - 0x76159000 	C:\Windows\SYSTEM32\sechost.dll
0x75e80000 - 0x75f21000 	C:\Windows\system32\RPCRT4.dll
0x7c340000 - 0x7c396000 	C:\Program Files\Java\jdk1.6.0_22\jre\bin\msvcr71.dll
0x6d8a0000 - 0x6db47000 	C:\Program Files\Java\jdk1.6.0_22\jre\bin\client\jvm.dll
0x767d0000 - 0x76899000 	C:\Windows\system32\USER32.dll
0x763d0000 - 0x7641e000 	C:\Windows\system32\GDI32.dll
0x77b90000 - 0x77b9a000 	C:\Windows\system32\LPK.dll
0x768a0000 - 0x7693d000 	C:\Windows\system32\USP10.dll
0x73f90000 - 0x73fc2000 	C:\Windows\system32\WINMM.dll
0x77b10000 - 0x77b2f000 	C:\Windows\system32\IMM32.DLL
0x76650000 - 0x7671c000 	C:\Windows\system32\MSCTF.dll
0x75a00000 - 0x75a4b000 	C:\Windows\system32\apphelp.dll
0x6d850000 - 0x6d85c000 	C:\Program Files\Java\jdk1.6.0_22\jre\bin\verify.dll
0x6d3d0000 - 0x6d3ef000 	C:\Program Files\Java\jdk1.6.0_22\jre\bin\java.dll
0x6d330000 - 0x6d338000 	C:\Program Files\Java\jdk1.6.0_22\jre\bin\hpi.dll
0x77af0000 - 0x77af5000 	C:\Windows\system32\PSAPI.DLL
0x6d890000 - 0x6d89f000 	C:\Program Files\Java\jdk1.6.0_22\jre\bin\zip.dll
0x6d0b0000 - 0x6d1fa000 	C:\Program Files\Java\jdk1.6.0_22\jre\bin\awt.dll
0x6ded0000 - 0x6df21000 	C:\Windows\system32\WINSPOOL.DRV
0x75fe0000 - 0x7613c000 	C:\Windows\system32\ole32.dll
0x74a30000 - 0x74bce000 	C:\Windows\WinSxS\x86_microsoft.windows.common-controls_6595b64144ccf1df_6.0.7600.16385_none_421189da2b7fabfc\COMCTL32.dll
0x77b30000 - 0x77b87000 	C:\Windows\system32\SHLWAPI.dll
0x744d0000 - 0x744e3000 	C:\Windows\system32\DWMAPI.DLL
0x74800000 - 0x74840000 	C:\Windows\system32\uxtheme.dll
0x6d2e0000 - 0x6d32f000 	C:\Program Files\Java\jdk1.6.0_22\jre\bin\fontmanager.dll
0x75a50000 - 0x75a5c000 	C:\Windows\system32\CRYPTBASE.dll
0x10000000 - 0x10036000 	C:\Windows\System32\SysHook.dll
0x76160000 - 0x761ef000 	C:\Windows\system32\OLEAUT32.dll
0x76940000 - 0x77589000 	C:\Windows\system32\shell32.dll
0x015d0000 - 0x015d6000 	D:\Wrapper.dll
0x74530000 - 0x74539000 	C:\Windows\system32\HID.DLL
0x76420000 - 0x765bd000 	C:\Windows\system32\SETUPAPI.dll
0x75ca0000 - 0x75cc7000 	C:\Windows\system32\CFGMGR32.dll
0x75cd0000 - 0x75ce2000 	C:\Windows\system32\DEVOBJ.dll
0x714a0000 - 0x7153b000 	C:\Windows\WinSxS\x86_microsoft.vc80.crt_1fc8b3b9a1e18e3b_8.0.50727.4927_none_d08a205e442db5b5\MSVCR80.dll
0x75dd0000 - 0x75dfd000 	C:\Windows\system32\WINTRUST.dll
0x75b80000 - 0x75c9c000 	C:\Windows\system32\CRYPT32.dll
0x75b70000 - 0x75b7c000 	C:\Windows\system32\MSASN1.dll
0x6d6b0000 - 0x6d6c3000 	C:\Program Files\Java\jdk1.6.0_22\jre\bin\net.dll
0x761f0000 - 0x76225000 	C:\Windows\system32\WS2_32.dll
0x77bd0000 - 0x77bd6000 	C:\Windows\system32\NSI.dll
0x75540000 - 0x7557c000 	C:\Windows\system32\mswsock.dll
0x75530000 - 0x75536000 	C:\Windows\System32\wship6.dll
0x6d6d0000 - 0x6d6d9000 	C:\Program Files\Java\jdk1.6.0_22\jre\bin\nio.dll
0x6d250000 - 0x6d273000 	C:\Program Files\Java\jdk1.6.0_22\jre\bin\dcpr.dll
0x05750000 - 0x0579d000 	C:\Windows\System32\jogl.dll
0x5f0c0000 - 0x5f188000 	C:\Windows\system32\OPENGL32.dll
0x72980000 - 0x729a2000 	C:\Windows\system32\GLU32.dll
0x72150000 - 0x72237000 	C:\Windows\system32\DDRAW.dll
0x742e0000 - 0x742e6000 	C:\Windows\system32\DCIMAN32.dll
0x03d70000 - 0x03d77000 	C:\Program Files\Internet Download Manager\idmmkb.dll
0x03e10000 - 0x03e27000 	C:\Program Files\WhiteSmoke\WHook.dll
0x73b70000 - 0x73bac000 	C:\Windows\system32\OLEACC.dll
0x75000000 - 0x75009000 	C:\Windows\system32\VERSION.dll
0x6d400000 - 0x6d406000 	C:\Program Files\Java\jdk1.6.0_22\jre\bin\jawt.dll
0x040f0000 - 0x040f5000 	C:\Windows\System32\jogl_awt.dll
0x06550000 - 0x06911000 	C:\Windows\system32\ig4icd32.dll
0x06920000 - 0x06b6b000 	C:\Windows\system32\ig4dev32.dll
0x765c0000 - 0x76643000 	C:\Windows\system32\CLBCatQ.DLL
0x6a060000 - 0x6a067000 	C:\Windows\system32\msiltcfg.dll
0x07670000 - 0x078b0000 	C:\Windows\system32\msi.dll
0x6d4f0000 - 0x6d515000 	C:\Program Files\Java\jdk1.6.0_22\jre\bin\jpeg.dll
0x69fd0000 - 0x69fd3000 	C:\Windows\system32\SFC.DLL
0x69fc0000 - 0x69fcd000 	C:\Windows\system32\sfc_os.DLL

VM Arguments:
jvm_args: -Dfile.encoding=UTF-8 
java_command: Main_1
Launcher Type: SUN_STANDARD

Environment Variables:
PATH=C:\WinAVR-20081205\bin;C:\WinAVR-20081205\utils\bin;C:\Program Files\PC Connectivity Solution\;C:\Windows\system32;C:\Windows;C:\Windows\System32\Wbem;C:\Windows\System32\WindowsPowerShell\v1.0\;C:\MATLAB7\bin\win32;c:\Program Files\Microsoft SQL Server\90\Tools\binn\;C:\Program Files\Java\jdk1.6.0_22\bin
USERNAME=Aumi
OS=Windows_NT
PROCESSOR_IDENTIFIER=x86 Family 6 Model 23 Stepping 10, GenuineIntel



---------------  S Y S T E M  ---------------

OS: Windows 7 Build 7600 

CPU:total 2 (2 cores per cpu, 1 threads per core) family 6 model 23 stepping 10, cmov, cx8, fxsr, mmx, sse, sse2, sse3, ssse3, sse4.1

Memory: 4k page, physical 3074028k(870392k free), swap 6146292k(3257180k free)

vm_info: Java HotSpot(TM) Client VM (17.1-b03) for windows-x86 JRE (1.6.0_22-b04), built on Sep 15 2010 00:56:36 by "java_re" with MS VC++ 7.1 (VS2003)

time: Sun Apr 24 14:01:39 2011
elapsed time: 6 seconds

