#
# A fatal error has been detected by the Java Runtime Environment:
#
#  EXCEPTION_ACCESS_VIOLATION (0xc0000005) at pc=0x5f0c3a3d, pid=5180, tid=4944
#
# JRE version: 6.0_22-b04
# Java VM: Java HotSpot(TM) Client VM (17.1-b03 mixed mode, sharing windows-x86 )
# Problematic frame:
# C  [OPENGL32.dll+0x3a3d]
#
# If you would like to submit a bug report, please visit:
#   http://java.sun.com/webapps/bugreport/crash.jsp
# The crash happened outside the Java Virtual Machine in native code.
# See problematic frame for where to report the bug.
#

---------------  T H R E A D  ---------------

Current thread (0x03b28400):  JavaThread "Animation Thread" [_thread_in_native, id=4944, stack(0x040b0000,0x04100000)]

siginfo: ExceptionCode=0xc0000005, reading address 0x00000414

Registers:
EAX=0x7ffad000, EBX=0x33d91910, ECX=0x03b28518, EDX=0x00000000
ESP=0x040ff9d0, EBP=0x040ff9d8, ESI=0x33d91910, EDI=0x03b28400
EIP=0x5f0c3a3d, EFLAGS=0x00010206

Top of Stack: (sp=0x040ff9d0)
0x040ff9d0:   057659fa 03b28518 040ffa0c 016f9f47
0x040ff9e0:   03b28518 040ffa1c 6d941d4a 040ff9ec
0x040ff9f0:   00000000 040ffa1c 33e1cfa8 00000000
0x040ffa00:   33d91910 00000000 040ffa1c 040ffa40
0x040ffa10:   016f33a1 00000000 016f8269 2963e100
0x040ffa20:   040ffa20 33bba676 040ffa58 33c59308
0x040ffa30:   00000000 33bba6b8 040ffa1c 040ffa54
0x040ffa40:   040ffa7c 016f2da1 00000000 00000000 

Instructions: (pc=0x5f0c3a3d)
0x5f0c3a2d:   10 16 5f 40 73 10 8b c2 03 15 0c 10 16 5f 8b 12
0x5f0c3a3d:   ff a2 14 04 00 00 ff 35 2c 10 16 5f ff 15 e8 10 


Stack: [0x040b0000,0x04100000],  sp=0x040ff9d0,  free space=13e040ff4eck
Native frames: (J=compiled Java code, j=interpreted, Vv=VM code, C=native code)
C  [OPENGL32.dll+0x3a3d]
j  com.sun.opengl.impl.GLImpl.glGetError()I+0
j  processing.opengl.PGraphicsOpenGL.report(Ljava/lang/String;)V+14
j  processing.opengl.PGraphicsOpenGL.renderLines(II)V+3
j  processing.core.PGraphics3D.endShape(I)V+223
j  processing.core.PGraphics.endShape()V+2
j  processing.core.PGraphics.line(FFFF)V+19
J  processing.core.PApplet.line(FFFF)V
j  LeadDisplay1.setValue([I)V+323
j  EcgGraph.draw()V+20
J  processing.core.PApplet.handleDraw()V
j  processing.core.PApplet.run()V+51
j  java.lang.Thread.run()V+11
v  ~StubRoutines::call_stub
V  [jvm.dll+0xf3a9c]
V  [jvm.dll+0x186591]
V  [jvm.dll+0xf3c67]
V  [jvm.dll+0xf3cdd]
V  [jvm.dll+0x11da00]
V  [jvm.dll+0x1e7004]
V  [jvm.dll+0x185f3c]
C  [msvcr71.dll+0x9565]
C  [kernel32.dll+0x51174]
C  [ntdll.dll+0x5b3f5]
C  [ntdll.dll+0x5b3c8]

Java frames: (J=compiled Java code, j=interpreted, Vv=VM code)
j  com.sun.opengl.impl.GLImpl.glGetError()I+0
j  processing.opengl.PGraphicsOpenGL.report(Ljava/lang/String;)V+14
j  processing.opengl.PGraphicsOpenGL.renderLines(II)V+3
j  processing.core.PGraphics3D.endShape(I)V+223
j  processing.core.PGraphics.endShape()V+2
j  processing.core.PGraphics.line(FFFF)V+19
J  processing.core.PApplet.line(FFFF)V
j  LeadDisplay1.setValue([I)V+323
j  EcgGraph.draw()V+20
J  processing.core.PApplet.handleDraw()V
j  processing.core.PApplet.run()V+51
j  java.lang.Thread.run()V+11
v  ~StubRoutines::call_stub

---------------  P R O C E S S  ---------------

Java Threads: ( => current thread )
  0x03b35400 JavaThread "Thread-3" [_thread_blocked, id=4156, stack(0x083f0000,0x08440000)]
  0x03b34c00 JavaThread "Thread-2" [_thread_in_native, id=1704, stack(0x083a0000,0x083f0000)]
  0x03b34400 JavaThread "TimerQueue" daemon [_thread_blocked, id=5764, stack(0x065c0000,0x06610000)]
  0x03b34000 JavaThread "Image Fetcher 0" daemon [_thread_blocked, id=4992, stack(0x06570000,0x065c0000)]
  0x03b33800 JavaThread "DestroyJavaVM" [_thread_blocked, id=4412, stack(0x015a0000,0x015f0000)]
  0x03b33400 JavaThread "Animation Thread" [_thread_blocked, id=1936, stack(0x04f30000,0x04f80000)]
  0x03b32c00 JavaThread "Animation Thread" [_thread_blocked, id=4636, stack(0x04ee0000,0x04f30000)]
  0x03b32800 JavaThread "Animation Thread" [_thread_blocked, id=2584, stack(0x04e90000,0x04ee0000)]
  0x03b32000 JavaThread "Animation Thread" [_thread_blocked, id=5708, stack(0x04e40000,0x04e90000)]
  0x03b31c00 JavaThread "Animation Thread" [_thread_blocked, id=4660, stack(0x04df0000,0x04e40000)]
  0x03b31400 JavaThread "Animation Thread" [_thread_blocked, id=2520, stack(0x04da0000,0x04df0000)]
  0x03b31000 JavaThread "Animation Thread" [_thread_blocked, id=5128, stack(0x04d50000,0x04da0000)]
  0x03b30800 JavaThread "Animation Thread" [_thread_blocked, id=2100, stack(0x04d00000,0x04d50000)]
  0x03b30400 JavaThread "Animation Thread" [_thread_blocked, id=4952, stack(0x04cb0000,0x04d00000)]
  0x03b2fc00 JavaThread "Animation Thread" [_thread_blocked, id=2368, stack(0x04c60000,0x04cb0000)]
  0x03b2f800 JavaThread "Animation Thread" [_thread_blocked, id=5276, stack(0x04c10000,0x04c60000)]
  0x03b2c000 JavaThread "Animation Thread" [_thread_blocked, id=3632, stack(0x04bc0000,0x04c10000)]
  0x03b2b800 JavaThread "Animation Thread" [_thread_blocked, id=5900, stack(0x04b10000,0x04b60000)]
  0x03b2b000 JavaThread "Animation Thread" [_thread_blocked, id=5432, stack(0x04ac0000,0x04b10000)]
  0x03b28c00 JavaThread "Animation Thread" [_thread_blocked, id=5156, stack(0x04a10000,0x04a60000)]
=>0x03b28400 JavaThread "Animation Thread" [_thread_in_native, id=4944, stack(0x040b0000,0x04100000)]
  0x03ac3400 JavaThread "AWT-EventQueue-0" [_thread_blocked, id=148, stack(0x04060000,0x040b0000)]
  0x03a65400 JavaThread "AWT-Windows" daemon [_thread_in_native, id=4192, stack(0x03ee0000,0x03f30000)]
  0x03a64c00 JavaThread "AWT-Shutdown" [_thread_blocked, id=5068, stack(0x03e90000,0x03ee0000)]
  0x03a7d000 JavaThread "Java2D Disposer" daemon [_thread_blocked, id=5652, stack(0x03c60000,0x03cb0000)]
  0x01676400 JavaThread "Low Memory Detector" daemon [_thread_blocked, id=2920, stack(0x039a0000,0x039f0000)]
  0x0166c400 JavaThread "CompilerThread0" daemon [_thread_blocked, id=4596, stack(0x03950000,0x039a0000)]
  0x01669400 JavaThread "Attach Listener" daemon [_thread_blocked, id=5852, stack(0x03900000,0x03950000)]
  0x01666400 JavaThread "Signal Dispatcher" daemon [_thread_blocked, id=1888, stack(0x038b0000,0x03900000)]
  0x01623000 JavaThread "Finalizer" daemon [_thread_blocked, id=1628, stack(0x03860000,0x038b0000)]
  0x01621c00 JavaThread "Reference Handler" daemon [_thread_blocked, id=6092, stack(0x03810000,0x03860000)]

Other Threads:
  0x01620800 VMThread [stack: 0x037c0000,0x03810000] [id=436]
  0x01678000 WatcherThread [stack: 0x039f0000,0x03a40000] [id=3432]

VM state:not at safepoint (normal execution)

VM Mutex/Monitor currently owned by a thread: None

Heap
 def new generation   total 5056K, used 3373K [0x23ad0000, 0x24040000, 0x29020000)
  eden space 4544K,  74% used [0x23ad0000, 0x23e1b660, 0x23f40000)
  from space 512K,   0% used [0x23f40000, 0x23f400d0, 0x23fc0000)
  to   space 512K,   0% used [0x23fc0000, 0x23fc0000, 0x24040000)
 tenured generation   total 16628K, used 16299K [0x29020000, 0x2a05d000, 0x33ad0000)
   the space 16628K,  98% used [0x29020000, 0x2a00ae70, 0x2a00b000, 0x2a05d000)
 compacting perm gen  total 12288K, used 3811K [0x33ad0000, 0x346d0000, 0x37ad0000)
   the space 12288K,  31% used [0x33ad0000, 0x33e88d30, 0x33e88e00, 0x346d0000)
    ro space 10240K,  54% used [0x37ad0000, 0x3804c510, 0x3804c600, 0x384d0000)
    rw space 12288K,  55% used [0x384d0000, 0x38b6fb78, 0x38b6fc00, 0x390d0000)

Dynamic libraries:
0x00400000 - 0x00424000 	C:\Program Files\Java\jdk1.6.0_22\bin\java.exe
0x779b0000 - 0x77aec000 	C:\Windows\SYSTEM32\ntdll.dll
0x77590000 - 0x77664000 	C:\Windows\system32\kernel32.dll
0x75d80000 - 0x75dca000 	C:\Windows\system32\KERNELBASE.dll
0x76330000 - 0x763d0000 	C:\Windows\system32\ADVAPI32.dll
0x76720000 - 0x767cc000 	C:\Windows\system32\msvcrt.dll
0x76140000 - 0x76159000 	C:\Windows\SYSTEM32\sechost.dll
0x75e80000 - 0x75f21000 	C:\Windows\system32\RPCRT4.dll
0x7c340000 - 0x7c396000 	C:\Program Files\Java\jdk1.6.0_22\jre\bin\msvcr71.dll
0x6d8a0000 - 0x6db47000 	C:\Program Files\Java\jdk1.6.0_22\jre\bin\client\jvm.dll
0x767d0000 - 0x76899000 	C:\Windows\system32\USER32.dll
0x763d0000 - 0x7641e000 	C:\Windows\system32\GDI32.dll
0x77b90000 - 0x77b9a000 	C:\Windows\system32\LPK.dll
0x768a0000 - 0x7693d000 	C:\Windows\system32\USP10.dll
0x73f90000 - 0x73fc2000 	C:\Windows\system32\WINMM.dll
0x77b10000 - 0x77b2f000 	C:\Windows\system32\IMM32.DLL
0x76650000 - 0x7671c000 	C:\Windows\system32\MSCTF.dll
0x75a00000 - 0x75a4b000 	C:\Windows\system32\apphelp.dll
0x6d850000 - 0x6d85c000 	C:\Program Files\Java\jdk1.6.0_22\jre\bin\verify.dll
0x6d3d0000 - 0x6d3ef000 	C:\Program Files\Java\jdk1.6.0_22\jre\bin\java.dll
0x6d330000 - 0x6d338000 	C:\Program Files\Java\jdk1.6.0_22\jre\bin\hpi.dll
0x77af0000 - 0x77af5000 	C:\Windows\system32\PSAPI.DLL
0x6d890000 - 0x6d89f000 	C:\Program Files\Java\jdk1.6.0_22\jre\bin\zip.dll
0x6d0b0000 - 0x6d1fa000 	C:\Program Files\Java\jdk1.6.0_22\jre\bin\awt.dll
0x6ded0000 - 0x6df21000 	C:\Windows\system32\WINSPOOL.DRV
0x75fe0000 - 0x7613c000 	C:\Windows\system32\ole32.dll
0x74a30000 - 0x74bce000 	C:\Windows\WinSxS\x86_microsoft.windows.common-controls_6595b64144ccf1df_6.0.7600.16385_none_421189da2b7fabfc\COMCTL32.dll
0x77b30000 - 0x77b87000 	C:\Windows\system32\SHLWAPI.dll
0x744d0000 - 0x744e3000 	C:\Windows\system32\DWMAPI.DLL
0x74800000 - 0x74840000 	C:\Windows\system32\uxtheme.dll
0x6d2e0000 - 0x6d32f000 	C:\Program Files\Java\jdk1.6.0_22\jre\bin\fontmanager.dll
0x75a50000 - 0x75a5c000 	C:\Windows\system32\CRYPTBASE.dll
0x10000000 - 0x10036000 	C:\Windows\System32\SysHook.dll
0x76160000 - 0x761ef000 	C:\Windows\system32\OLEAUT32.dll
0x76940000 - 0x77589000 	C:\Windows\system32\shell32.dll
0x03cd0000 - 0x03cd6000 	D:\Wrapper.dll
0x74530000 - 0x74539000 	C:\Windows\system32\HID.DLL
0x76420000 - 0x765bd000 	C:\Windows\system32\SETUPAPI.dll
0x75ca0000 - 0x75cc7000 	C:\Windows\system32\CFGMGR32.dll
0x75cd0000 - 0x75ce2000 	C:\Windows\system32\DEVOBJ.dll
0x714a0000 - 0x7153b000 	C:\Windows\WinSxS\x86_microsoft.vc80.crt_1fc8b3b9a1e18e3b_8.0.50727.4927_none_d08a205e442db5b5\MSVCR80.dll
0x75dd0000 - 0x75dfd000 	C:\Windows\system32\WINTRUST.dll
0x75b80000 - 0x75c9c000 	C:\Windows\system32\CRYPT32.dll
0x75b70000 - 0x75b7c000 	C:\Windows\system32\MSASN1.dll
0x6d6b0000 - 0x6d6c3000 	C:\Program Files\Java\jdk1.6.0_22\jre\bin\net.dll
0x761f0000 - 0x76225000 	C:\Windows\system32\WS2_32.dll
0x77bd0000 - 0x77bd6000 	C:\Windows\system32\NSI.dll
0x75540000 - 0x7557c000 	C:\Windows\system32\mswsock.dll
0x75530000 - 0x75536000 	C:\Windows\System32\wship6.dll
0x6d6d0000 - 0x6d6d9000 	C:\Program Files\Java\jdk1.6.0_22\jre\bin\nio.dll
0x6d250000 - 0x6d273000 	C:\Program Files\Java\jdk1.6.0_22\jre\bin\dcpr.dll
0x03f50000 - 0x03f57000 	C:\Program Files\Internet Download Manager\idmmkb.dll
0x03f70000 - 0x03f87000 	C:\Program Files\WhiteSmoke\WHook.dll
0x73b70000 - 0x73bac000 	C:\Windows\system32\OLEACC.dll
0x75000000 - 0x75009000 	C:\Windows\system32\VERSION.dll
0x05760000 - 0x057ad000 	C:\Windows\System32\jogl.dll
0x5f0c0000 - 0x5f188000 	C:\Windows\system32\OPENGL32.dll
0x72980000 - 0x729a2000 	C:\Windows\system32\GLU32.dll
0x72150000 - 0x72237000 	C:\Windows\system32\DDRAW.dll
0x742e0000 - 0x742e6000 	C:\Windows\system32\DCIMAN32.dll
0x765c0000 - 0x76643000 	C:\Windows\system32\CLBCatQ.DLL
0x6a060000 - 0x6a067000 	C:\Windows\system32\msiltcfg.dll
0x05bd0000 - 0x05e10000 	C:\Windows\system32\msi.dll
0x69fd0000 - 0x69fd3000 	C:\Windows\system32\SFC.DLL
0x69fc0000 - 0x69fcd000 	C:\Windows\system32\sfc_os.DLL
0x6d400000 - 0x6d406000 	C:\Program Files\Java\jdk1.6.0_22\jre\bin\jawt.dll
0x05e60000 - 0x05e65000 	C:\Windows\System32\jogl_awt.dll
0x05e70000 - 0x06231000 	C:\Windows\system32\ig4icd32.dll
0x06320000 - 0x0656b000 	C:\Windows\system32\ig4dev32.dll
0x6d4f0000 - 0x6d515000 	C:\Program Files\Java\jdk1.6.0_22\jre\bin\jpeg.dll

VM Arguments:
jvm_args: -Dfile.encoding=UTF-8 
java_command: Main_1
Launcher Type: SUN_STANDARD

Environment Variables:
PATH=C:\WinAVR-20081205\bin;C:\WinAVR-20081205\utils\bin;C:\Program Files\PC Connectivity Solution\;C:\Windows\system32;C:\Windows;C:\Windows\System32\Wbem;C:\Windows\System32\WindowsPowerShell\v1.0\;C:\MATLAB7\bin\win32;c:\Program Files\Microsoft SQL Server\90\Tools\binn\;C:\Program Files\Java\jdk1.6.0_22\bin
USERNAME=Aumi
OS=Windows_NT
PROCESSOR_IDENTIFIER=x86 Family 6 Model 23 Stepping 10, GenuineIntel



---------------  S Y S T E M  ---------------

OS: Windows 7 Build 7600 

CPU:total 2 (2 cores per cpu, 1 threads per core) family 6 model 23 stepping 10, cmov, cx8, fxsr, mmx, sse, sse2, sse3, ssse3, sse4.1

Memory: 4k page, physical 3074028k(807712k free), swap 6146292k(3245116k free)

vm_info: Java HotSpot(TM) Client VM (17.1-b03) for windows-x86 JRE (1.6.0_22-b04), built on Sep 15 2010 00:56:36 by "java_re" with MS VC++ 7.1 (VS2003)

time: Sun Apr 24 13:52:19 2011
elapsed time: 5 seconds

