#
# A fatal error has been detected by the Java Runtime Environment:
#
#  EXCEPTION_ACCESS_VIOLATION (0xc0000005) at pc=0x7728205b, pid=2244, tid=348
#
# JRE version: 6.0_22-b04
# Java VM: Java HotSpot(TM) Client VM (17.1-b03 mixed mode, sharing windows-x86 )
# Problematic frame:
# C  [ntdll.dll+0x5205b]
#
# If you would like to submit a bug report, please visit:
#   http://java.sun.com/webapps/bugreport/crash.jsp
# The crash happened outside the Java Virtual Machine in native code.
# See problematic frame for where to report the bug.
#

---------------  T H R E A D  ---------------

Current thread (0x041a3c00):  JavaThread "AWT-EventQueue-0" [_thread_in_native, id=348, stack(0x04e90000,0x04ee0000)]

siginfo: ExceptionCode=0xc0000005, writing address 0x00690068

Registers:
EAX=0x00690068, EBX=0x3d1a0066, ECX=0x006f00f3, EDX=0x0000006f
ESP=0x04edf1e4, EBP=0x04edf218, ESI=0x00b3b4d0, EDI=0x3d1a0000
EIP=0x7728205b, EFLAGS=0x00010206

Top of Stack: (sp=0x04edf1e4)
0x04edf1e4:   00000000 04ce0000 0429e950 00000000
0x04edf1f4:   00000009 00720065 006f0072 77275ebc
0x04edf204:   756385d4 00000520 00200073 00000001
0x04edf214:   0429e948 04edf230 77281faf 0429e950
0x04edf224:   041a3c00 00000001 0429e948 04edf244
0x04edf234:   7584f1ac 04ce0000 00000000 0429e950
0x04edf244:   04edf290 71014c39 04ce0000 00000000
0x04edf254:   0429e950 42c2f8e4 041a3c00 0429e950 

Instructions: (pc=0x7728205b)
0x7728204b:   c1 ea 10 0b df 0b c8 8b 06 c7 45 f8 01 00 00 00
0x7728205b:   89 30 8b 45 e0 8b 55 e4 8d 7e 08 f0 0f c7 0f 3b 


Stack: [0x04e90000,0x04ee0000],  sp=0x04edf1e4,  free space=13c04eded00k
Native frames: (J=compiled Java code, j=interpreted, Vv=VM code, C=native code)
C  [ntdll.dll+0x5205b]
C  [ntdll.dll+0x51faf]
C  [kernel32.dll+0x4f1ac]
C  [MSVCR80.dll+0x4c39]
C  [Wrapper.dll+0x1383]
j  EcgDisplay.leadComboBoxActionPerformed(Ljava/awt/event/ActionEvent;)V+19
j  EcgDisplay.access$000(LEcgDisplay;Ljava/awt/event/ActionEvent;)V+2
j  EcgDisplay$1.actionPerformed(Ljava/awt/event/ActionEvent;)V+5
j  javax.swing.JComboBox.fireActionEvent()V+127
j  javax.swing.JComboBox.setSelectedItem(Ljava/lang/Object;)V+134
j  javax.swing.JComboBox.setSelectedIndex(I)V+76
j  javax.swing.plaf.basic.BasicComboPopup$Handler.mouseReleased(Ljava/awt/event/MouseEvent;)V+97
j  java.awt.AWTEventMulticaster.mouseReleased(Ljava/awt/event/MouseEvent;)V+21
j  java.awt.Component.processMouseEvent(Ljava/awt/event/MouseEvent;)V+64
j  javax.swing.JComponent.processMouseEvent(Ljava/awt/event/MouseEvent;)V+23
j  javax.swing.plaf.basic.BasicComboPopup$1.processMouseEvent(Ljava/awt/event/MouseEvent;)V+70
j  java.awt.Component.processEvent(Ljava/awt/AWTEvent;)V+81
j  java.awt.Container.processEvent(Ljava/awt/AWTEvent;)V+18
j  java.awt.Component.dispatchEventImpl(Ljava/awt/AWTEvent;)V+566
j  java.awt.Container.dispatchEventImpl(Ljava/awt/AWTEvent;)V+42
j  java.awt.Component.dispatchEvent(Ljava/awt/AWTEvent;)V+2
j  java.awt.LightweightDispatcher.retargetMouseEvent(Ljava/awt/Component;ILjava/awt/event/MouseEvent;)V+320
j  java.awt.LightweightDispatcher.processMouseEvent(Ljava/awt/event/MouseEvent;)Z+139
j  java.awt.LightweightDispatcher.dispatchEvent(Ljava/awt/AWTEvent;)Z+50
j  java.awt.Container.dispatchEventImpl(Ljava/awt/AWTEvent;)V+12
j  java.awt.Window.dispatchEventImpl(Ljava/awt/AWTEvent;)V+19
j  java.awt.Component.dispatchEvent(Ljava/awt/AWTEvent;)V+2
j  java.awt.EventQueue.dispatchEvent(Ljava/awt/AWTEvent;)V+46
j  java.awt.EventDispatchThread.pumpOneEventForFilters(I)Z+204
j  java.awt.EventDispatchThread.pumpEventsForFilter(ILjava/awt/Conditional;Ljava/awt/EventFilter;)V+30
j  java.awt.EventDispatchThread.pumpEventsForHierarchy(ILjava/awt/Conditional;Ljava/awt/Component;)V+11
j  java.awt.EventDispatchThread.pumpEvents(ILjava/awt/Conditional;)V+4
j  java.awt.EventDispatchThread.pumpEvents(Ljava/awt/Conditional;)V+3
j  java.awt.EventDispatchThread.run()V+9
v  ~StubRoutines::call_stub
V  [jvm.dll+0xf3a9c]
V  [jvm.dll+0x186591]
V  [jvm.dll+0xf3c67]
V  [jvm.dll+0xf3cdd]
V  [jvm.dll+0x11da00]
V  [jvm.dll+0x1e7004]
V  [jvm.dll+0x185f3c]
C  [msvcr71.dll+0x9565]
C  [kernel32.dll+0x51174]
C  [ntdll.dll+0x5b3f5]
C  [ntdll.dll+0x5b3c8]

Java frames: (J=compiled Java code, j=interpreted, Vv=VM code)
j  MyHID.IntSendOutputReport([B)Z+0
j  EcgDisplay.leadComboBoxActionPerformed(Ljava/awt/event/ActionEvent;)V+19
j  EcgDisplay.access$000(LEcgDisplay;Ljava/awt/event/ActionEvent;)V+2
j  EcgDisplay$1.actionPerformed(Ljava/awt/event/ActionEvent;)V+5
j  javax.swing.JComboBox.fireActionEvent()V+127
j  javax.swing.JComboBox.setSelectedItem(Ljava/lang/Object;)V+134
j  javax.swing.JComboBox.setSelectedIndex(I)V+76
j  javax.swing.plaf.basic.BasicComboPopup$Handler.mouseReleased(Ljava/awt/event/MouseEvent;)V+97
j  java.awt.AWTEventMulticaster.mouseReleased(Ljava/awt/event/MouseEvent;)V+21
j  java.awt.Component.processMouseEvent(Ljava/awt/event/MouseEvent;)V+64
j  javax.swing.JComponent.processMouseEvent(Ljava/awt/event/MouseEvent;)V+23
j  javax.swing.plaf.basic.BasicComboPopup$1.processMouseEvent(Ljava/awt/event/MouseEvent;)V+70
j  java.awt.Component.processEvent(Ljava/awt/AWTEvent;)V+81
j  java.awt.Container.processEvent(Ljava/awt/AWTEvent;)V+18
j  java.awt.Component.dispatchEventImpl(Ljava/awt/AWTEvent;)V+566
j  java.awt.Container.dispatchEventImpl(Ljava/awt/AWTEvent;)V+42
j  java.awt.Component.dispatchEvent(Ljava/awt/AWTEvent;)V+2
j  java.awt.LightweightDispatcher.retargetMouseEvent(Ljava/awt/Component;ILjava/awt/event/MouseEvent;)V+320
j  java.awt.LightweightDispatcher.processMouseEvent(Ljava/awt/event/MouseEvent;)Z+139
j  java.awt.LightweightDispatcher.dispatchEvent(Ljava/awt/AWTEvent;)Z+50
j  java.awt.Container.dispatchEventImpl(Ljava/awt/AWTEvent;)V+12
j  java.awt.Window.dispatchEventImpl(Ljava/awt/AWTEvent;)V+19
j  java.awt.Component.dispatchEvent(Ljava/awt/AWTEvent;)V+2
j  java.awt.EventQueue.dispatchEvent(Ljava/awt/AWTEvent;)V+46
j  java.awt.EventDispatchThread.pumpOneEventForFilters(I)Z+204
j  java.awt.EventDispatchThread.pumpEventsForFilter(ILjava/awt/Conditional;Ljava/awt/EventFilter;)V+30
j  java.awt.EventDispatchThread.pumpEventsForHierarchy(ILjava/awt/Conditional;Ljava/awt/Component;)V+11
j  java.awt.EventDispatchThread.pumpEvents(ILjava/awt/Conditional;)V+4
j  java.awt.EventDispatchThread.pumpEvents(Ljava/awt/Conditional;)V+3
j  java.awt.EventDispatchThread.run()V+9
v  ~StubRoutines::call_stub

---------------  P R O C E S S  ---------------

Java Threads: ( => current thread )
  0x0422f000 JavaThread "TimerQueue" daemon [_thread_blocked, id=3856, stack(0x054f0000,0x05540000)]
  0x0422e800 JavaThread "DestroyJavaVM" [_thread_blocked, id=3936, stack(0x00390000,0x003e0000)]
  0x0422e400 JavaThread "Animation Thread" [_thread_in_native, id=2508, stack(0x05220000,0x05270000)]
  0x04241000 JavaThread "Animation Thread" [_thread_in_native, id=3488, stack(0x051d0000,0x05220000)]
  0x04240c00 JavaThread "Animation Thread" [_thread_blocked, id=3260, stack(0x05180000,0x051d0000)]
  0x04240400 JavaThread "Animation Thread" [_thread_in_native, id=2224, stack(0x050f0000,0x05140000)]
  0x0422ac00 JavaThread "Animation Thread" [_thread_blocked, id=2304, stack(0x05040000,0x05090000)]
  0x0422a800 JavaThread "Animation Thread" [_thread_blocked, id=1012, stack(0x04ff0000,0x05040000)]
  0x04228000 JavaThread "Animation Thread" [_thread_blocked, id=3208, stack(0x04fa0000,0x04ff0000)]
  0x04227c00 JavaThread "Animation Thread" [_thread_blocked, id=3312, stack(0x04f50000,0x04fa0000)]
=>0x041a3c00 JavaThread "AWT-EventQueue-0" [_thread_in_native, id=348, stack(0x04e90000,0x04ee0000)]
  0x04188800 JavaThread "AWT-Windows" daemon [_thread_in_native, id=2308, stack(0x04670000,0x046c0000)]
  0x04188000 JavaThread "AWT-Shutdown" [_thread_blocked, id=744, stack(0x04620000,0x04670000)]
  0x04195800 JavaThread "Java2D Disposer" daemon [_thread_blocked, id=2344, stack(0x045d0000,0x04620000)]
  0x0197f000 JavaThread "Low Memory Detector" daemon [_thread_blocked, id=2552, stack(0x03ce0000,0x03d30000)]
  0x01972400 JavaThread "CompilerThread0" daemon [_thread_blocked, id=3116, stack(0x03c90000,0x03ce0000)]
  0x0196ec00 JavaThread "Attach Listener" daemon [_thread_blocked, id=1804, stack(0x03c40000,0x03c90000)]
  0x0196bc00 JavaThread "Signal Dispatcher" daemon [_thread_blocked, id=2448, stack(0x03bf0000,0x03c40000)]
  0x01926800 JavaThread "Finalizer" daemon [_thread_blocked, id=3424, stack(0x03ba0000,0x03bf0000)]
  0x01925000 JavaThread "Reference Handler" daemon [_thread_blocked, id=2000, stack(0x03b50000,0x03ba0000)]

Other Threads:
  0x01924000 VMThread [stack: 0x03b00000,0x03b50000] [id=340]
  0x019a2000 WatcherThread [stack: 0x03d30000,0x03d80000] [id=2132]

VM state:not at safepoint (normal execution)

VM Mutex/Monitor currently owned by a thread: None

Heap
 def new generation   total 4928K, used 1542K [0x239d0000, 0x23f20000, 0x28f20000)
  eden space 4416K,  34% used [0x239d0000, 0x23b4e668, 0x23e20000)
  from space 512K,   2% used [0x23ea0000, 0x23ea32b0, 0x23f20000)
  to   space 512K,   0% used [0x23e20000, 0x23e20000, 0x23ea0000)
 tenured generation   total 10944K, used 8427K [0x28f20000, 0x299d0000, 0x339d0000)
   the space 10944K,  77% used [0x28f20000, 0x2975ad68, 0x2975ae00, 0x299d0000)
 compacting perm gen  total 12288K, used 1238K [0x339d0000, 0x345d0000, 0x379d0000)
   the space 12288K,  10% used [0x339d0000, 0x33b05aa0, 0x33b05c00, 0x345d0000)
    ro space 10240K,  54% used [0x379d0000, 0x37f4c510, 0x37f4c600, 0x383d0000)
    rw space 12288K,  55% used [0x383d0000, 0x38a6fb78, 0x38a6fc00, 0x38fd0000)

Dynamic libraries:
0x00400000 - 0x00424000 	C:\Program Files\Java\jdk1.6.0_22\bin\java.exe
0x77230000 - 0x7736c000 	C:\Windows\SYSTEM32\ntdll.dll
0x75800000 - 0x758d4000 	C:\Windows\system32\kernel32.dll
0x75630000 - 0x7567a000 	C:\Windows\system32\KERNELBASE.dll
0x768e0000 - 0x76980000 	C:\Windows\system32\ADVAPI32.dll
0x75680000 - 0x7572c000 	C:\Windows\system32\msvcrt.dll
0x75ad0000 - 0x75ae9000 	C:\Windows\SYSTEM32\sechost.dll
0x76ef0000 - 0x76f91000 	C:\Windows\system32\RPCRT4.dll
0x7c340000 - 0x7c396000 	C:\Program Files\Java\jdk1.6.0_22\jre\bin\msvcr71.dll
0x6d8a0000 - 0x6db47000 	C:\Program Files\Java\jdk1.6.0_22\jre\bin\client\jvm.dll
0x769e0000 - 0x76aa9000 	C:\Windows\system32\USER32.dll
0x76fa0000 - 0x76fee000 	C:\Windows\system32\GDI32.dll
0x77370000 - 0x7737a000 	C:\Windows\system32\LPK.dll
0x773c0000 - 0x7745d000 	C:\Windows\system32\USP10.dll
0x73880000 - 0x738b2000 	C:\Windows\system32\WINMM.dll
0x773a0000 - 0x773bf000 	C:\Windows\system32\IMM32.DLL
0x76cb0000 - 0x76d7c000 	C:\Windows\system32\MSCTF.dll
0x752b0000 - 0x752fb000 	C:\Windows\system32\apphelp.dll
0x6d850000 - 0x6d85c000 	C:\Program Files\Java\jdk1.6.0_22\jre\bin\verify.dll
0x6d3d0000 - 0x6d3ef000 	C:\Program Files\Java\jdk1.6.0_22\jre\bin\java.dll
0x6d330000 - 0x6d338000 	C:\Program Files\Java\jdk1.6.0_22\jre\bin\hpi.dll
0x77380000 - 0x77385000 	C:\Windows\system32\PSAPI.DLL
0x6d890000 - 0x6d89f000 	C:\Program Files\Java\jdk1.6.0_22\jre\bin\zip.dll
0x6d0b0000 - 0x6d1fa000 	C:\Program Files\Java\jdk1.6.0_22\jre\bin\AWT.DLL
0x70f30000 - 0x70f81000 	C:\Windows\system32\WINSPOOL.DRV
0x75970000 - 0x75acc000 	C:\Windows\system32\ole32.dll
0x742e0000 - 0x7447e000 	C:\Windows\WinSxS\x86_microsoft.windows.common-controls_6595b64144ccf1df_6.0.7600.16385_none_421189da2b7fabfc\COMCTL32.dll
0x76e90000 - 0x76ee7000 	C:\Windows\system32\SHLWAPI.dll
0x73e60000 - 0x73e73000 	C:\Windows\system32\DWMAPI.DLL
0x74180000 - 0x741c0000 	C:\Windows\system32\uxtheme.dll
0x6d2e0000 - 0x6d32f000 	C:\Program Files\Java\jdk1.6.0_22\jre\bin\FONTMANAGER.DLL
0x10000000 - 0x10029000 	C:\Program Files\ScanSoft\OmniPageSE2.0\ophookSE2.dll
0x758e0000 - 0x7596f000 	C:\Windows\system32\OLEAUT32.dll
0x74880000 - 0x74889000 	C:\Windows\system32\VERSION.dll
0x75300000 - 0x7530c000 	C:\Windows\system32\CRYPTBASE.dll
0x75c90000 - 0x768d9000 	C:\Windows\system32\shell32.dll
0x04450000 - 0x04456000 	C:\Windows\System32\Wrapper.dll
0x74580000 - 0x74589000 	C:\Windows\system32\HID.DLL
0x75af0000 - 0x75c8d000 	C:\Windows\system32\SETUPAPI.dll
0x75450000 - 0x75477000 	C:\Windows\system32\CFGMGR32.dll
0x75400000 - 0x75412000 	C:\Windows\system32\DEVOBJ.dll
0x71010000 - 0x710ab000 	C:\Windows\WinSxS\x86_microsoft.vc80.crt_1fc8b3b9a1e18e3b_8.0.50727.4927_none_d08a205e442db5b5\MSVCR80.dll
0x6d6b0000 - 0x6d6c3000 	C:\Program Files\Java\jdk1.6.0_22\jre\bin\NET.DLL
0x757c0000 - 0x757f5000 	C:\Windows\system32\WS2_32.dll
0x75780000 - 0x75786000 	C:\Windows\system32\NSI.dll
0x74dc0000 - 0x74dfc000 	C:\Windows\system32\mswsock.dll
0x74db0000 - 0x74db6000 	C:\Windows\System32\wship6.dll
0x736d0000 - 0x736e0000 	C:\Windows\system32\NLAapi.dll
0x74c80000 - 0x74cc4000 	C:\Windows\system32\DNSAPI.dll
0x6fc50000 - 0x6fc58000 	C:\Windows\System32\winrnr.dll
0x6fc40000 - 0x6fc50000 	C:\Windows\system32\napinsp.dll
0x6fc20000 - 0x6fc32000 	C:\Windows\system32\pnrpnsp.dll
0x6fc10000 - 0x6fc1d000 	C:\Windows\system32\wshbth.dll
0x74910000 - 0x74915000 	C:\Windows\System32\wshtcpip.dll
0x73160000 - 0x7317c000 	C:\Windows\system32\IPHLPAPI.DLL
0x73150000 - 0x73157000 	C:\Windows\system32\WINNSI.DLL
0x70360000 - 0x70366000 	C:\Windows\system32\rasadhlp.dll
0x73030000 - 0x73068000 	C:\Windows\System32\fwpuclnt.dll
0x6d6d0000 - 0x6d6d9000 	C:\Program Files\Java\jdk1.6.0_22\jre\bin\NIO.DLL
0x75420000 - 0x7544d000 	C:\Windows\system32\WINTRUST.dll
0x75480000 - 0x7559c000 	C:\Windows\system32\CRYPT32.dll
0x753f0000 - 0x753fc000 	C:\Windows\system32\MSASN1.dll
0x6d250000 - 0x6d273000 	C:\Program Files\Java\jdk1.6.0_22\jre\bin\DCPR.DLL
0x04c50000 - 0x04c57000 	C:\Program Files\Internet Download Manager\idmmkb.dll
0x76e00000 - 0x76e83000 	C:\Windows\system32\CLBCatQ.DLL

VM Arguments:
jvm_args: -Dfile.encoding=UTF-8 -Djava.security.policy=applet.policy 
java_command: Main_1
Launcher Type: SUN_STANDARD

Environment Variables:
PATH=C:\Windows\system32;C:\Windows;C:\Windows\System32\Wbem;C:\Windows\System32\WindowsPowerShell\v1.0\;C:\Program Files\Microsoft SQL Server\90\Tools\binn\
USERNAME=Aumi
OS=Windows_NT
PROCESSOR_IDENTIFIER=x86 Family 6 Model 23 Stepping 10, GenuineIntel



---------------  S Y S T E M  ---------------

OS: Windows 7 Build 7600 

CPU:total 2 (2 cores per cpu, 1 threads per core) family 6 model 23 stepping 10, cmov, cx8, fxsr, mmx, sse, sse2, sse3, ssse3, sse4.1

Memory: 4k page, physical 3074028k(1598296k free), swap 6146292k(4479460k free)

vm_info: Java HotSpot(TM) Client VM (17.1-b03) for windows-x86 JRE (1.6.0_22-b04), built on Sep 15 2010 00:56:36 by "java_re" with MS VC++ 7.1 (VS2003)

time: Mon Jun 20 13:28:49 2011
elapsed time: 4 seconds

