#
# A fatal error has been detected by the Java Runtime Environment:
#
#  EXCEPTION_ACCESS_VIOLATION (0xc0000005) at pc=0x77281f70, pid=3392, tid=4072
#
# JRE version: 6.0_22-b04
# Java VM: Java HotSpot(TM) Client VM (17.1-b03 mixed mode, sharing windows-x86 )
# Problematic frame:
# C  [ntdll.dll+0x51f70]
#
# If you would like to submit a bug report, please visit:
#   http://java.sun.com/webapps/bugreport/crash.jsp
# The crash happened outside the Java Virtual Machine in native code.
# See problematic frame for where to report the bug.
#

---------------  T H R E A D  ---------------

Current thread (0x041a3400):  JavaThread "AWT-EventQueue-0" [_thread_in_native, id=4072, stack(0x04d30000,0x04d80000)]

siginfo: ExceptionCode=0xc0000005, reading address 0x048affff

Registers:
EAX=0x048afff8, EBX=0x048b0000, ECX=0x04d7fc2c, EDX=0x00000004
ESP=0x04d7f360, EBP=0x04d7f370, ESI=0x04da0000, EDI=0x00000000
EIP=0x77281f70, EFLAGS=0x00010246

Top of Stack: (sp=0x04d7f360)
0x04d7f360:   048b0000 041a3400 00000000 00000000
0x04d7f370:   04d7f384 7584f1ac 04da0000 00000000
0x04d7f380:   048b0000 04d7f3d0 71014c39 04da0000
0x04d7f390:   00000000 048b0000 c42c6d53 041a3400
0x04d7f3a0:   048b0000 00000000 04d7f3c8 6d9a7f19
0x04d7f3b0:   041a3400 00000006 04d7f398 04d7ef54
0x04d7f3c0:   04d7fc2c 71018ced b1f2d2e3 fffffffe
0x04d7f3d0:   04d7f420 04531383 048b0000 33a48778 

Instructions: (pc=0x77281f70)
0x77281f60:   9c 3f 00 00 f6 c3 07 0f 85 0e 93 02 00 8d 43 f8
0x77281f70:   80 78 07 05 0f 84 ea 92 02 00 f6 40 07 3f 0f 84 


Stack: [0x04d30000,0x04d80000],  sp=0x04d7f360,  free space=13c04d7ee7ck
Native frames: (J=compiled Java code, j=interpreted, Vv=VM code, C=native code)
C  [ntdll.dll+0x51f70]
C  [kernel32.dll+0x4f1ac]
C  [MSVCR80.dll+0x4c39]
C  [Wrapper.dll+0x1383]
j  EcgDisplay.leadComboBoxItemStateChanged(Ljava/awt/event/ItemEvent;)V+37
j  EcgDisplay.access$000(LEcgDisplay;Ljava/awt/event/ItemEvent;)V+2
j  EcgDisplay$1.itemStateChanged(Ljava/awt/event/ItemEvent;)V+5
j  javax.swing.JComboBox.fireItemStateChanged(Ljava/awt/event/ItemEvent;)V+35
j  javax.swing.JComboBox.selectedItemChanged()V+24
j  javax.swing.JComboBox.contentsChanged(Ljavax/swing/event/ListDataEvent;)V+28
j  javax.swing.AbstractListModel.fireContentsChanged(Ljava/lang/Object;II)V+65
j  javax.swing.DefaultComboBoxModel.setSelectedItem(Ljava/lang/Object;)V+38
j  javax.swing.JComboBox.setSelectedItem(Ljava/lang/Object;)V+103
j  javax.swing.JComboBox.setSelectedIndex(I)V+76
j  javax.swing.plaf.basic.BasicComboPopup$Handler.mouseReleased(Ljava/awt/event/MouseEvent;)V+97
j  java.awt.AWTEventMulticaster.mouseReleased(Ljava/awt/event/MouseEvent;)V+21
j  java.awt.Component.processMouseEvent(Ljava/awt/event/MouseEvent;)V+64
j  javax.swing.JComponent.processMouseEvent(Ljava/awt/event/MouseEvent;)V+23
j  javax.swing.plaf.basic.BasicComboPopup$1.processMouseEvent(Ljava/awt/event/MouseEvent;)V+70
j  java.awt.Component.processEvent(Ljava/awt/AWTEvent;)V+81
j  java.awt.Container.processEvent(Ljava/awt/AWTEvent;)V+18
j  java.awt.Component.dispatchEventImpl(Ljava/awt/AWTEvent;)V+566
j  java.awt.Container.dispatchEventImpl(Ljava/awt/AWTEvent;)V+42
j  java.awt.Component.dispatchEvent(Ljava/awt/AWTEvent;)V+2
j  java.awt.LightweightDispatcher.retargetMouseEvent(Ljava/awt/Component;ILjava/awt/event/MouseEvent;)V+320
j  java.awt.LightweightDispatcher.processMouseEvent(Ljava/awt/event/MouseEvent;)Z+139
j  java.awt.LightweightDispatcher.dispatchEvent(Ljava/awt/AWTEvent;)Z+50
j  java.awt.Container.dispatchEventImpl(Ljava/awt/AWTEvent;)V+12
j  java.awt.Window.dispatchEventImpl(Ljava/awt/AWTEvent;)V+19
j  java.awt.Component.dispatchEvent(Ljava/awt/AWTEvent;)V+2
j  java.awt.EventQueue.dispatchEvent(Ljava/awt/AWTEvent;)V+46
j  java.awt.EventDispatchThread.pumpOneEventForFilters(I)Z+204
j  java.awt.EventDispatchThread.pumpEventsForFilter(ILjava/awt/Conditional;Ljava/awt/EventFilter;)V+30
j  java.awt.EventDispatchThread.pumpEventsForHierarchy(ILjava/awt/Conditional;Ljava/awt/Component;)V+11
j  java.awt.EventDispatchThread.pumpEvents(ILjava/awt/Conditional;)V+4
j  java.awt.EventDispatchThread.pumpEvents(Ljava/awt/Conditional;)V+3
j  java.awt.EventDispatchThread.run()V+9
v  ~StubRoutines::call_stub
V  [jvm.dll+0xf3a9c]
V  [jvm.dll+0x186591]
V  [jvm.dll+0xf3c67]
V  [jvm.dll+0xf3cdd]
V  [jvm.dll+0x11da00]
V  [jvm.dll+0x1e7004]
V  [jvm.dll+0x185f3c]
C  [msvcr71.dll+0x9565]
C  [kernel32.dll+0x51174]
C  [ntdll.dll+0x5b3f5]
C  [ntdll.dll+0x5b3c8]

Java frames: (J=compiled Java code, j=interpreted, Vv=VM code)
j  MyHID.IntSendOutputReport([B)Z+0
j  EcgDisplay.leadComboBoxItemStateChanged(Ljava/awt/event/ItemEvent;)V+37
j  EcgDisplay.access$000(LEcgDisplay;Ljava/awt/event/ItemEvent;)V+2
j  EcgDisplay$1.itemStateChanged(Ljava/awt/event/ItemEvent;)V+5
j  javax.swing.JComboBox.fireItemStateChanged(Ljava/awt/event/ItemEvent;)V+35
j  javax.swing.JComboBox.selectedItemChanged()V+24
j  javax.swing.JComboBox.contentsChanged(Ljavax/swing/event/ListDataEvent;)V+28
j  javax.swing.AbstractListModel.fireContentsChanged(Ljava/lang/Object;II)V+65
j  javax.swing.DefaultComboBoxModel.setSelectedItem(Ljava/lang/Object;)V+38
j  javax.swing.JComboBox.setSelectedItem(Ljava/lang/Object;)V+103
j  javax.swing.JComboBox.setSelectedIndex(I)V+76
j  javax.swing.plaf.basic.BasicComboPopup$Handler.mouseReleased(Ljava/awt/event/MouseEvent;)V+97
j  java.awt.AWTEventMulticaster.mouseReleased(Ljava/awt/event/MouseEvent;)V+21
j  java.awt.Component.processMouseEvent(Ljava/awt/event/MouseEvent;)V+64
j  javax.swing.JComponent.processMouseEvent(Ljava/awt/event/MouseEvent;)V+23
j  javax.swing.plaf.basic.BasicComboPopup$1.processMouseEvent(Ljava/awt/event/MouseEvent;)V+70
j  java.awt.Component.processEvent(Ljava/awt/AWTEvent;)V+81
j  java.awt.Container.processEvent(Ljava/awt/AWTEvent;)V+18
j  java.awt.Component.dispatchEventImpl(Ljava/awt/AWTEvent;)V+566
j  java.awt.Container.dispatchEventImpl(Ljava/awt/AWTEvent;)V+42
j  java.awt.Component.dispatchEvent(Ljava/awt/AWTEvent;)V+2
j  java.awt.LightweightDispatcher.retargetMouseEvent(Ljava/awt/Component;ILjava/awt/event/MouseEvent;)V+320
j  java.awt.LightweightDispatcher.processMouseEvent(Ljava/awt/event/MouseEvent;)Z+139
j  java.awt.LightweightDispatcher.dispatchEvent(Ljava/awt/AWTEvent;)Z+50
j  java.awt.Container.dispatchEventImpl(Ljava/awt/AWTEvent;)V+12
j  java.awt.Window.dispatchEventImpl(Ljava/awt/AWTEvent;)V+19
j  java.awt.Component.dispatchEvent(Ljava/awt/AWTEvent;)V+2
j  java.awt.EventQueue.dispatchEvent(Ljava/awt/AWTEvent;)V+46
j  java.awt.EventDispatchThread.pumpOneEventForFilters(I)Z+204
j  java.awt.EventDispatchThread.pumpEventsForFilter(ILjava/awt/Conditional;Ljava/awt/EventFilter;)V+30
j  java.awt.EventDispatchThread.pumpEventsForHierarchy(ILjava/awt/Conditional;Ljava/awt/Component;)V+11
j  java.awt.EventDispatchThread.pumpEvents(ILjava/awt/Conditional;)V+4
j  java.awt.EventDispatchThread.pumpEvents(Ljava/awt/Conditional;)V+3
j  java.awt.EventDispatchThread.run()V+9
v  ~StubRoutines::call_stub

---------------  P R O C E S S  ---------------

Java Threads: ( => current thread )
  0x04170000 JavaThread "TimerQueue" daemon [_thread_blocked, id=1452, stack(0x05260000,0x052b0000)]
  0x0416f800 JavaThread "DestroyJavaVM" [_thread_blocked, id=3940, stack(0x003a0000,0x003f0000)]
  0x0416f400 JavaThread "Animation Thread" [_thread_blocked, id=3340, stack(0x05210000,0x05260000)]
  0x0422c000 JavaThread "Animation Thread" [_thread_blocked, id=1756, stack(0x051c0000,0x05210000)]
  0x0422b800 JavaThread "Animation Thread" [_thread_in_native, id=3484, stack(0x05170000,0x051c0000)]
  0x0422b400 JavaThread "Animation Thread" [_thread_blocked, id=3400, stack(0x05120000,0x05170000)]
  0x04226400 JavaThread "Animation Thread" [_thread_blocked, id=2768, stack(0x05060000,0x050b0000)]
  0x04226000 JavaThread "Animation Thread" [_thread_blocked, id=2488, stack(0x05010000,0x05060000)]
  0x04229800 JavaThread "Animation Thread" [_thread_blocked, id=948, stack(0x04fc0000,0x05010000)]
  0x0422a400 JavaThread "Animation Thread" [_thread_blocked, id=3504, stack(0x04f30000,0x04f80000)]
=>0x041a3400 JavaThread "AWT-EventQueue-0" [_thread_in_native, id=4072, stack(0x04d30000,0x04d80000)]
  0x0417b800 JavaThread "AWT-Windows" daemon [_thread_in_native, id=3800, stack(0x04610000,0x04660000)]
  0x0417b000 JavaThread "AWT-Shutdown" [_thread_blocked, id=2388, stack(0x045c0000,0x04610000)]
  0x04178400 JavaThread "Java2D Disposer" daemon [_thread_blocked, id=1536, stack(0x04570000,0x045c0000)]
  0x018e9c00 JavaThread "Low Memory Detector" daemon [_thread_blocked, id=3936, stack(0x03cd0000,0x03d20000)]
  0x018e0400 JavaThread "CompilerThread0" daemon [_thread_blocked, id=3956, stack(0x03c80000,0x03cd0000)]
  0x018dcc00 JavaThread "Attach Listener" daemon [_thread_blocked, id=3952, stack(0x03c30000,0x03c80000)]
  0x018d9c00 JavaThread "Signal Dispatcher" daemon [_thread_blocked, id=3820, stack(0x03be0000,0x03c30000)]
  0x01899c00 JavaThread "Finalizer" daemon [_thread_blocked, id=968, stack(0x03b90000,0x03be0000)]
  0x01895000 JavaThread "Reference Handler" daemon [_thread_blocked, id=3860, stack(0x03b40000,0x03b90000)]

Other Threads:
  0x01894000 VMThread [stack: 0x03af0000,0x03b40000] [id=1540]
  0x0190cc00 WatcherThread [stack: 0x03d20000,0x03d70000] [id=3932]

VM state:not at safepoint (normal execution)

VM Mutex/Monitor currently owned by a thread: None

Heap
 def new generation   total 4928K, used 456K [0x239d0000, 0x23f20000, 0x28f20000)
  eden space 4416K,   8% used [0x239d0000, 0x23a315a8, 0x23e20000)
  from space 512K,  13% used [0x23e20000, 0x23e30dc8, 0x23ea0000)
  to   space 512K,   0% used [0x23ea0000, 0x23ea0000, 0x23f20000)
 tenured generation   total 10944K, used 9068K [0x28f20000, 0x299d0000, 0x339d0000)
   the space 10944K,  82% used [0x28f20000, 0x297fb0a8, 0x297fb200, 0x299d0000)
 compacting perm gen  total 12288K, used 1245K [0x339d0000, 0x345d0000, 0x379d0000)
   the space 12288K,  10% used [0x339d0000, 0x33b07628, 0x33b07800, 0x345d0000)
    ro space 10240K,  54% used [0x379d0000, 0x37f4c510, 0x37f4c600, 0x383d0000)
    rw space 12288K,  55% used [0x383d0000, 0x38a6fb78, 0x38a6fc00, 0x38fd0000)

Dynamic libraries:
0x00400000 - 0x00424000 	C:\Program Files\Java\jdk1.6.0_22\bin\java.exe
0x77230000 - 0x7736c000 	C:\Windows\SYSTEM32\ntdll.dll
0x75800000 - 0x758d4000 	C:\Windows\system32\kernel32.dll
0x75630000 - 0x7567a000 	C:\Windows\system32\KERNELBASE.dll
0x768e0000 - 0x76980000 	C:\Windows\system32\ADVAPI32.dll
0x75680000 - 0x7572c000 	C:\Windows\system32\msvcrt.dll
0x75ad0000 - 0x75ae9000 	C:\Windows\SYSTEM32\sechost.dll
0x76ef0000 - 0x76f91000 	C:\Windows\system32\RPCRT4.dll
0x7c340000 - 0x7c396000 	C:\Program Files\Java\jdk1.6.0_22\jre\bin\msvcr71.dll
0x6d8a0000 - 0x6db47000 	C:\Program Files\Java\jdk1.6.0_22\jre\bin\client\jvm.dll
0x769e0000 - 0x76aa9000 	C:\Windows\system32\USER32.dll
0x76fa0000 - 0x76fee000 	C:\Windows\system32\GDI32.dll
0x77370000 - 0x7737a000 	C:\Windows\system32\LPK.dll
0x773c0000 - 0x7745d000 	C:\Windows\system32\USP10.dll
0x73880000 - 0x738b2000 	C:\Windows\system32\WINMM.dll
0x773a0000 - 0x773bf000 	C:\Windows\system32\IMM32.DLL
0x76cb0000 - 0x76d7c000 	C:\Windows\system32\MSCTF.dll
0x752b0000 - 0x752fb000 	C:\Windows\system32\apphelp.dll
0x6d850000 - 0x6d85c000 	C:\Program Files\Java\jdk1.6.0_22\jre\bin\verify.dll
0x6d3d0000 - 0x6d3ef000 	C:\Program Files\Java\jdk1.6.0_22\jre\bin\java.dll
0x6d330000 - 0x6d338000 	C:\Program Files\Java\jdk1.6.0_22\jre\bin\hpi.dll
0x77380000 - 0x77385000 	C:\Windows\system32\PSAPI.DLL
0x6d890000 - 0x6d89f000 	C:\Program Files\Java\jdk1.6.0_22\jre\bin\zip.dll
0x6d0b0000 - 0x6d1fa000 	C:\Program Files\Java\jdk1.6.0_22\jre\bin\AWT.DLL
0x70f30000 - 0x70f81000 	C:\Windows\system32\WINSPOOL.DRV
0x75970000 - 0x75acc000 	C:\Windows\system32\ole32.dll
0x742e0000 - 0x7447e000 	C:\Windows\WinSxS\x86_microsoft.windows.common-controls_6595b64144ccf1df_6.0.7600.16385_none_421189da2b7fabfc\COMCTL32.dll
0x76e90000 - 0x76ee7000 	C:\Windows\system32\SHLWAPI.dll
0x73e60000 - 0x73e73000 	C:\Windows\system32\DWMAPI.DLL
0x74180000 - 0x741c0000 	C:\Windows\system32\uxtheme.dll
0x6d2e0000 - 0x6d32f000 	C:\Program Files\Java\jdk1.6.0_22\jre\bin\FONTMANAGER.DLL
0x10000000 - 0x10029000 	C:\Program Files\ScanSoft\OmniPageSE2.0\ophookSE2.dll
0x758e0000 - 0x7596f000 	C:\Windows\system32\OLEAUT32.dll
0x74880000 - 0x74889000 	C:\Windows\system32\VERSION.dll
0x75300000 - 0x7530c000 	C:\Windows\system32\CRYPTBASE.dll
0x75c90000 - 0x768d9000 	C:\Windows\system32\shell32.dll
0x04530000 - 0x04536000 	C:\Windows\System32\Wrapper.dll
0x74580000 - 0x74589000 	C:\Windows\system32\HID.DLL
0x75af0000 - 0x75c8d000 	C:\Windows\system32\SETUPAPI.dll
0x75450000 - 0x75477000 	C:\Windows\system32\CFGMGR32.dll
0x75400000 - 0x75412000 	C:\Windows\system32\DEVOBJ.dll
0x71010000 - 0x710ab000 	C:\Windows\WinSxS\x86_microsoft.vc80.crt_1fc8b3b9a1e18e3b_8.0.50727.4927_none_d08a205e442db5b5\MSVCR80.dll
0x6d6b0000 - 0x6d6c3000 	C:\Program Files\Java\jdk1.6.0_22\jre\bin\NET.DLL
0x757c0000 - 0x757f5000 	C:\Windows\system32\WS2_32.dll
0x75780000 - 0x75786000 	C:\Windows\system32\NSI.dll
0x74dc0000 - 0x74dfc000 	C:\Windows\system32\mswsock.dll
0x74db0000 - 0x74db6000 	C:\Windows\System32\wship6.dll
0x736d0000 - 0x736e0000 	C:\Windows\system32\NLAapi.dll
0x74c80000 - 0x74cc4000 	C:\Windows\system32\DNSAPI.dll
0x6fc50000 - 0x6fc58000 	C:\Windows\System32\winrnr.dll
0x6fc40000 - 0x6fc50000 	C:\Windows\system32\napinsp.dll
0x6fc20000 - 0x6fc32000 	C:\Windows\system32\pnrpnsp.dll
0x6fc10000 - 0x6fc1d000 	C:\Windows\system32\wshbth.dll
0x74910000 - 0x74915000 	C:\Windows\System32\wshtcpip.dll
0x73160000 - 0x7317c000 	C:\Windows\system32\IPHLPAPI.DLL
0x73150000 - 0x73157000 	C:\Windows\system32\WINNSI.DLL
0x70360000 - 0x70366000 	C:\Windows\system32\rasadhlp.dll
0x73030000 - 0x73068000 	C:\Windows\System32\fwpuclnt.dll
0x6d6d0000 - 0x6d6d9000 	C:\Program Files\Java\jdk1.6.0_22\jre\bin\NIO.DLL
0x04550000 - 0x04557000 	C:\Program Files\Internet Download Manager\idmmkb.dll
0x6d250000 - 0x6d273000 	C:\Program Files\Java\jdk1.6.0_22\jre\bin\DCPR.DLL
0x76e00000 - 0x76e83000 	C:\Windows\system32\CLBCatQ.DLL

VM Arguments:
jvm_args: -Dfile.encoding=UTF-8 -Djava.security.policy=applet.policy 
java_command: Main_1
Launcher Type: SUN_STANDARD

Environment Variables:
PATH=C:\Windows\system32;C:\Windows;C:\Windows\System32\Wbem;C:\Windows\System32\WindowsPowerShell\v1.0\;C:\Program Files\Microsoft SQL Server\90\Tools\binn\
USERNAME=Aumi
OS=Windows_NT
PROCESSOR_IDENTIFIER=x86 Family 6 Model 23 Stepping 10, GenuineIntel



---------------  S Y S T E M  ---------------

OS: Windows 7 Build 7600 

CPU:total 2 (2 cores per cpu, 1 threads per core) family 6 model 23 stepping 10, cmov, cx8, fxsr, mmx, sse, sse2, sse3, ssse3, sse4.1

Memory: 4k page, physical 3074028k(1819740k free), swap 6146292k(4768816k free)

vm_info: Java HotSpot(TM) Client VM (17.1-b03) for windows-x86 JRE (1.6.0_22-b04), built on Sep 15 2010 00:56:36 by "java_re" with MS VC++ 7.1 (VS2003)

time: Mon Jun 20 12:31:13 2011
elapsed time: 3 seconds

